#
# A fatal error has been detected by the Java Runtime Environment:
#
#  SIGSEGV (0xb) at pc=0x0202d960, pid=11899, tid=2364222320
#
# JRE version: 7.0_02-b13
# Java VM: Java HotSpot(TM) Client VM (22.0-b10 mixed mode linux-x86 )
# Problematic frame:
# C  [libcefjni.so+0x372960]  MessageLoop::RunAllPending()+0xc
#
# Failed to write core dump. Core dumps have been disabled. To enable core dumping, try "ulimit -c unlimited" before starting Java again
#
# If you would like to submit a bug report, please visit:
#   http://bugreport.sun.com/bugreport/crash.jsp
#

---------------  T H R E A D  ---------------

Current thread (0x09e4b400):  VMThread [stack: 0x8ce32000,0x8ceb3000] [id=12064]

siginfo:si_signo=SIGSEGV: si_errno=0, si_code=1 (SEGV_MAPERR), si_addr=0x000000cc

Registers:
EAX=0x00000000, EBX=0x0a9b5328, ECX=0x8ceb2c3c, EDX=0x00000000
ESP=0x8ceb1f60, EBP=0x8ceb1f88, ESI=0x0a1d2428, EDI=0x00000081
EIP=0x0202d960, EFLAGS=0x00010286, CR2=0x000000cc

Top of Stack: (sp=0x8ceb1f60)
0x8ceb1f60:   0065e97f 0a9b5328 0a1d2428 0202ca57
0x8ceb1f70:   00000008 8ceb1fb8 0053f94d 0a3a0848
0x8ceb1f80:   00000000 059d1ff4 8ceb1fa8 01face06
0x8ceb1f90:   00000000 0a757c10 8ceb1fa8 01facc28
0x8ceb1fa0:   0a9b5328 0a757c10 8ceb1fb8 01fac485
0x8ceb1fb0:   0a1d2428 0a9b5328 8ceb1fd8 01fab673
0x8ceb1fc0:   0a9b5328 8ceb2050 00000000 00000000
0x8ceb1fd0:   00000000 0a1d20e0 8ceb2008 01fab89c 

Instructions: (pc=0x0202d960)
0x0202d940:   45 f8 89 90 cc 00 00 00 c9 c3 c7 45 ec 01 00 00
0x0202d950:   00 eb ce 90 55 89 e5 83 ec 28 8b 55 08 89 55 f8
0x0202d960:   8b 82 cc 00 00 00 89 45 fc 85 c0 74 32 8b 00 83
0x0202d970:   c0 01 89 45 ec 8d 45 ec 89 82 cc 00 00 00 c7 45 

Register to memory mapping:

EAX=
[error occurred during error reporting (printing register info), id 0xb]

Stack: [0x8ce32000,0x8ceb3000],  sp=0x8ceb1f60,  free space=511k
Native frames: (J=compiled Java code, j=interpreted, Vv=VM code, C=native code)
C  [libcefjni.so+0x372960]  MessageLoop::RunAllPending()+0xc
C  [libcefjni.so+0x2f1e06]  CefProcessUIThread::CleanUp()+0x18
C  [libcefjni.so+0x2f1485]  CefProcess::~CefProcess()+0xab
C  [libcefjni.so+0x2f0673]  CefContext::Shutdown()+0x29
C  [libcefjni.so+0x2f089c]  CefContext::~CefContext()+0x1a
C  [libcefjni.so+0x2ef565]  CefThreadSafeBase<CefBase>::Release()+0x27

VM_Operation (0x8ca7dc30): Exit, mode: safepoint, requested by thread 0x0b21a000


---------------  P R O C E S S  ---------------

Java Threads: ( => current thread )
  0x0b21a000 JavaThread "SIGHUP handler" daemon [_thread_blocked, id=25955, stack(0x8ca2e000,0x8ca7f000)]
  0x8b232800 JavaThread "Worker-42" [_thread_blocked, id=25941, stack(0x8b60d000,0x8b65e000)]
  0x0b8d7000 JavaThread "com.aptana.editor.common.text.reconciler.CommonReconciler" daemon [_thread_blocked, id=25906, stack(0x87412000,0x87463000)]
  0x0bc30000 JavaThread "com.aptana.editor.common.text.reconciler.CommonReconciler" daemon [_thread_blocked, id=25802, stack(0x874b5000,0x87506000)]
  0x0af28c00 JavaThread "Worker-40" [_thread_blocked, id=25671, stack(0x8b839000,0x8b88a000)]
  0x0b340000 JavaThread "Thread-389" daemon [_thread_blocked, id=25414, stack(0x8764a000,0x8769b000)]
  0x0b268000 JavaThread "com.aptana.editor.common.text.reconciler.CommonReconciler" daemon [_thread_blocked, id=25411, stack(0x8c98c000,0x8c9dd000)]
  0x0ad82800 JavaThread "com.aptana.editor.common.text.reconciler.CommonReconciler" daemon [_thread_blocked, id=24993, stack(0x8b6af000,0x8b700000)]
  0x0b79f000 JavaThread "com.aptana.editor.common.text.reconciler.CommonReconciler" daemon [_thread_blocked, id=24029, stack(0x8be62000,0x8beb3000)]
  0x0af2c000 JavaThread "Thread-36" daemon [_thread_blocked, id=20263, stack(0x8b461000,0x8b4b2000)]
  0x0bc1e400 JavaThread "Thread-34" daemon [_thread_blocked, id=20231, stack(0x8c30d000,0x8c35e000)]
  0x0bc1d400 JavaThread "Thread-33" daemon [_thread_blocked, id=20230, stack(0x8b65e000,0x8b6af000)]
  0x0bbce800 JavaThread "Thread-32" [_thread_blocked, id=20228, stack(0x8ba77000,0x8bac8000)]
  0x0b0aa400 JavaThread "Thread-26" daemon [_thread_blocked, id=12141, stack(0x8c3af000,0x8c400000)]
  0x0aa0e000 JavaThread "AWT-XAWT" daemon [_thread_blocked, id=12119, stack(0x8769b000,0x876ec000)]
  0x0a9f7800 JavaThread "Java2D Disposer" daemon [_thread_blocked, id=12118, stack(0x8b4b2000,0x8b503000)]
  0x8c4b8400 JavaThread "Worker-8" [_thread_blocked, id=12107, stack(0x8b554000,0x8b5a5000)]
  0x8c799400 JavaThread "Device List Monitor" [_thread_blocked, id=12102, stack(0x8bbe7000,0x8bc38000)]
  0x0a344c00 JavaThread "Monitor" [_thread_in_native, id=12095, stack(0x8b993000,0x8b9e4000)]
  0x8c72a400 JavaThread "Java indexing" daemon [_thread_blocked, id=12094, stack(0x8bc85000,0x8bcd6000)]
  0x0a22a400 JavaThread "INotify thread" daemon [_thread_in_native, id=12093, stack(0x8ba26000,0x8ba77000)]
  0x0a174400 JavaThread "Provisioning Event Dispatcher" daemon [_thread_blocked, id=12083, stack(0x8c35e000,0x8c3af000)]
  0x8c400800 JavaThread "Worker-JM" [_thread_blocked, id=12081, stack(0x8c5a6000,0x8c5f7000)]
  0x0a281000 JavaThread "[ThreadPool Manager] - Idle Thread" daemon [_thread_blocked, id=12080, stack(0x8c648000,0x8c699000)]
  0x0a03a000 JavaThread "[Timer] - Main Queue Handler" daemon [_thread_blocked, id=12079, stack(0x8c5f7000,0x8c648000)]
  0x0a24a400 JavaThread "Bundle File Closer" daemon [_thread_blocked, id=12076, stack(0x8c699000,0x8c6ea000)]
  0x0a020400 JavaThread "Framework Event Dispatcher" daemon [_thread_blocked, id=12075, stack(0x8c93b000,0x8c98c000)]
  0x09fed000 JavaThread "Start Level Event Dispatcher" daemon [_thread_blocked, id=12073, stack(0x8c9dd000,0x8ca2e000)]
  0x09fe3400 JavaThread "Framework Active Thread" [_thread_blocked, id=12071, stack(0x8cc09000,0x8cc5a000)]
  0x8cb00800 JavaThread "Service Thread" daemon [_thread_blocked, id=12069, stack(0x8cc6d000,0x8ccbe000)]
  0x09e91000 JavaThread "C1 CompilerThread0" daemon [_thread_blocked, id=12068, stack(0x8ccbe000,0x8cd3f000)]
  0x09e8f800 JavaThread "Signal Dispatcher" daemon [_thread_blocked, id=12067, stack(0x8cd3f000,0x8cd90000)]
  0x09e52c00 JavaThread "Finalizer" daemon [_thread_blocked, id=12066, stack(0x8cd90000,0x8cde1000)]
  0x09e51000 JavaThread "Reference Handler" daemon [_thread_blocked, id=12065, stack(0x8cde1000,0x8ce32000)]
  0x09dd9400 JavaThread "main" [_thread_blocked, id=11899, stack(0xbf9ca000,0xbfa1a000)]

Other Threads:
=>0x09e4b400 VMThread [stack: 0x8ce32000,0x8ceb3000] [id=12064]

VM state:at safepoint (shutting down)

VM Mutex/Monitor currently owned by a thread:  ([mutex/lock_event])
[0x09dd8268] Threads_lock - owner thread: 0x09e4b400

Heap
 def new generation   total 54528K, used 21963K [0x8d300000, 0x90e20000, 0x95300000)
  eden space 48512K,  42% used [0x8d300000, 0x8e7298a0, 0x90260000)
  from space 6016K,  21% used [0x90840000, 0x90989590, 0x90e20000)
  to   space 6016K,   0% used [0x90260000, 0x90260000, 0x90840000)
 tenured generation   total 121000K, used 73631K [0x95300000, 0x9c92a000, 0xa5300000)
   the space 121000K,  60% used [0x95300000, 0x99ae7c88, 0x99ae7e00, 0x9c92a000)
 compacting perm gen  total 66304K, used 66287K [0xa5300000, 0xa93c0000, 0xb5300000)
   the space 66304K,  99% used [0xa5300000, 0xa93bbda0, 0xa93bbe00, 0xa93c0000)
No shared spaces configured.

Code Cache  [0xb538b000, 0xb60cb000, 0xb738b000)
 total_blobs=6374 nmethods=6065 adapters=242 free_code_cache=19236Kb largest_free_block=19688256

Dynamic libraries:
00110000-0015d000 r-xp 00000000 08:01 1316086    /usr/lib/i386-linux-gnu/libgobject-2.0.so.0.3000.0
0015d000-0015e000 r--p 0004d000 08:01 1316086    /usr/lib/i386-linux-gnu/libgobject-2.0.so.0.3000.0
0015e000-0015f000 rw-p 0004e000 08:01 1316086    /usr/lib/i386-linux-gnu/libgobject-2.0.so.0.3000.0
0015f000-00163000 r-xp 00000000 08:01 1316092    /usr/lib/i386-linux-gnu/libgthread-2.0.so.0.3000.0
00163000-00164000 r--p 00003000 08:01 1316092    /usr/lib/i386-linux-gnu/libgthread-2.0.so.0.3000.0
00164000-00165000 rw-p 00004000 08:01 1316092    /usr/lib/i386-linux-gnu/libgthread-2.0.so.0.3000.0
00165000-00183000 r-xp 00000000 08:01 1316070    /usr/lib/i386-linux-gnu/libgdk_pixbuf-2.0.so.0.2400.0
00183000-00184000 r--p 0001d000 08:01 1316070    /usr/lib/i386-linux-gnu/libgdk_pixbuf-2.0.so.0.2400.0
00184000-00185000 rw-p 0001e000 08:01 1316070    /usr/lib/i386-linux-gnu/libgdk_pixbuf-2.0.so.0.2400.0
00185000-001b7000 r-xp 00000000 08:01 1316057    /usr/lib/i386-linux-gnu/libfontconfig.so.1.4.4
001b7000-001b8000 ---p 00032000 08:01 1316057    /usr/lib/i386-linux-gnu/libfontconfig.so.1.4.4
001b8000-001b9000 r--p 00032000 08:01 1316057    /usr/lib/i386-linux-gnu/libfontconfig.so.1.4.4
001b9000-001ba000 rw-p 00033000 08:01 1316057    /usr/lib/i386-linux-gnu/libfontconfig.so.1.4.4
001ba000-001cb000 r-xp 00000000 08:01 1315966    /usr/lib/i386-linux-gnu/libXext.so.6.4.0
001cb000-001cc000 r--p 00010000 08:01 1315966    /usr/lib/i386-linux-gnu/libXext.so.6.4.0
001cc000-001cd000 rw-p 00011000 08:01 1315966    /usr/lib/i386-linux-gnu/libXext.so.6.4.0
001cd000-001d6000 r-xp 00000000 08:01 1315960    /usr/lib/i386-linux-gnu/libXcursor.so.1.0.2
001d6000-001d7000 r--p 00008000 08:01 1315960    /usr/lib/i386-linux-gnu/libXcursor.so.1.0.2
001d7000-001d8000 rw-p 00009000 08:01 1315960    /usr/lib/i386-linux-gnu/libXcursor.so.1.0.2
001d8000-001da000 r-xp 00000000 08:01 1315962    /usr/lib/i386-linux-gnu/libXdamage.so.1.1.0
001da000-001db000 r--p 00001000 08:01 1315962    /usr/lib/i386-linux-gnu/libXdamage.so.1.1.0
001db000-001dc000 rw-p 00002000 08:01 1315962    /usr/lib/i386-linux-gnu/libXdamage.so.1.1.0
001dc000-00204000 r-xp 00000000 08:01 3277763    /lib/i386-linux-gnu/libm-2.13.so
00204000-00205000 r--p 00028000 08:01 3277763    /lib/i386-linux-gnu/libm-2.13.so
00205000-00206000 rw-p 00029000 08:01 3277763    /lib/i386-linux-gnu/libm-2.13.so
00206000-00231000 r-xp 00000000 08:01 1316162    /usr/lib/i386-linux-gnu/libpangoft2-1.0.so.0.2903.0
00231000-00232000 r--p 0002a000 08:01 1316162    /usr/lib/i386-linux-gnu/libpangoft2-1.0.so.0.2903.0
00232000-00233000 rw-p 0002b000 08:01 1316162    /usr/lib/i386-linux-gnu/libpangoft2-1.0.so.0.2903.0
00233000-00246000 r-xp 00000000 08:01 3277816    /lib/i386-linux-gnu/libz.so.1.2.3.4
00246000-00247000 r--p 00012000 08:01 3277816    /lib/i386-linux-gnu/libz.so.1.2.3.4
00247000-00248000 rw-p 00013000 08:01 3277816    /lib/i386-linux-gnu/libz.so.1.2.3.4
00248000-00249000 r-xp 00000000 08:01 2888003    /home/pg/Programs/eclipse/configuration/org.eclipse.osgi/bundles/406/1/.cp/os/linux/x86/libjnotify.so
00249000-0024a000 rw-p 00001000 08:01 2888003    /home/pg/Programs/eclipse/configuration/org.eclipse.osgi/bundles/406/1/.cp/os/linux/x86/libjnotify.so
0024a000-00341000 r-xp 00000000 08:01 3277758    /lib/i386-linux-gnu/libglib-2.0.so.0.3000.0
00341000-00342000 r--p 000f6000 08:01 3277758    /lib/i386-linux-gnu/libglib-2.0.so.0.3000.0
00342000-00343000 rw-p 000f7000 08:01 3277758    /lib/i386-linux-gnu/libglib-2.0.so.0.3000.0
00343000-003d5000 r-xp 00000000 08:01 1316030    /usr/lib/i386-linux-gnu/libfreetype.so.6.6.2
003d5000-003d9000 r--p 00091000 08:01 1316030    /usr/lib/i386-linux-gnu/libfreetype.so.6.6.2
003d9000-003da000 rw-p 00095000 08:01 1316030    /usr/lib/i386-linux-gnu/libfreetype.so.6.6.2
003da000-003f6000 r-xp 00000000 08:01 3277799    /lib/i386-linux-gnu/libselinux.so.1
003f6000-003f7000 r--p 0001b000 08:01 3277799    /lib/i386-linux-gnu/libselinux.so.1
003f7000-003f8000 rw-p 0001c000 08:01 3277799    /lib/i386-linux-gnu/libselinux.so.1
003f8000-003fa000 r-xp 00000000 08:01 1316250    /usr/lib/i386-linux-gnu/libxcb-shm.so.0.0.0
003fa000-003fb000 r--p 00001000 08:01 1316250    /usr/lib/i386-linux-gnu/libxcb-shm.so.0.0.0
003fb000-003fc000 rw-p 00002000 08:01 1316250    /usr/lib/i386-linux-gnu/libxcb-shm.so.0.0.0
003fc000-00404000 r-xp 00000000 08:01 3277770    /lib/i386-linux-gnu/libnss_compat-2.13.so
00404000-00405000 r--p 00007000 08:01 3277770    /lib/i386-linux-gnu/libnss_compat-2.13.so
00405000-00406000 rw-p 00008000 08:01 3277770    /lib/i386-linux-gnu/libnss_compat-2.13.so
00408000-0044f000 r-xp 00000000 08:01 1316158    /usr/lib/i386-linux-gnu/libpango-1.0.so.0.2903.0
0044f000-00450000 r--p 00047000 08:01 1316158    /usr/lib/i386-linux-gnu/libpango-1.0.so.0.2903.0
00450000-00451000 rw-p 00048000 08:01 1316158    /usr/lib/i386-linux-gnu/libpango-1.0.so.0.2903.0
00451000-00464000 r-xp 00000000 08:01 3277795    /lib/i386-linux-gnu/libresolv-2.13.so
00464000-00465000 r--p 00012000 08:01 3277795    /lib/i386-linux-gnu/libresolv-2.13.so
00465000-00466000 rw-p 00013000 08:01 3277795    /lib/i386-linux-gnu/libresolv-2.13.so
00466000-00468000 rw-p 00000000 00:00 0 
00468000-0048e000 r-xp 00000000 08:01 3277749    /lib/i386-linux-gnu/libexpat.so.1.5.2
0048e000-0048f000 ---p 00026000 08:01 3277749    /lib/i386-linux-gnu/libexpat.so.1.5.2
0048f000-00491000 r--p 00026000 08:01 3277749    /lib/i386-linux-gnu/libexpat.so.1.5.2
00491000-00492000 rw-p 00028000 08:01 3277749    /lib/i386-linux-gnu/libexpat.so.1.5.2
00492000-004ba000 r-xp 00000000 08:01 3277792    /lib/i386-linux-gnu/libpng12.so.0.46.0
004ba000-004bb000 r--p 00027000 08:01 3277792    /lib/i386-linux-gnu/libpng12.so.0.46.0
004bb000-004bc000 rw-p 00028000 08:01 3277792    /lib/i386-linux-gnu/libpng12.so.0.46.0
004bc000-004c6000 r-xp 00000000 08:01 3277778    /lib/i386-linux-gnu/libnss_nis-2.13.so
004c6000-004c7000 r--p 00009000 08:01 3277778    /lib/i386-linux-gnu/libnss_nis-2.13.so
004c7000-004c8000 rw-p 0000a000 08:01 3277778    /lib/i386-linux-gnu/libnss_nis-2.13.so
004c8000-004cb000 r-xp 00000000 08:01 1316556    /usr/lib/i386-linux-gnu/gdk-pixbuf-2.0/2.10.0/loaders/libpixbufloader-bmp.so
004cb000-004cc000 r--p 00002000 08:01 1316556    /usr/lib/i386-linux-gnu/gdk-pixbuf-2.0/2.10.0/loaders/libpixbufloader-bmp.so
004cc000-004cd000 rw-p 00003000 08:01 1316556    /usr/lib/i386-linux-gnu/gdk-pixbuf-2.0/2.10.0/loaders/libpixbufloader-bmp.so
004cd000-00643000 r-xp 00000000 08:01 3277733    /lib/i386-linux-gnu/libc-2.13.so
00643000-00645000 r--p 00176000 08:01 3277733    /lib/i386-linux-gnu/libc-2.13.so
00645000-00646000 rw-p 00178000 08:01 3277733    /lib/i386-linux-gnu/libc-2.13.so
00646000-00649000 rw-p 00000000 00:00 0 
00649000-0064d000 r-xp 00000000 08:01 1311525    /usr/lib/libcanberra-gtk.so.0.1.8
0064d000-0064e000 r--p 00003000 08:01 1311525    /usr/lib/libcanberra-gtk.so.0.1.8
0064e000-0064f000 rw-p 00004000 08:01 1311525    /usr/lib/libcanberra-gtk.so.0.1.8
0064f000-00653000 rwxp 00000000 00:00 0 
00653000-0066a000 r-xp 00000000 08:01 3277793    /lib/i386-linux-gnu/libpthread-2.13.so
0066a000-0066b000 r--p 00016000 08:01 3277793    /lib/i386-linux-gnu/libpthread-2.13.so
0066b000-0066c000 rw-p 00017000 08:01 3277793    /lib/i386-linux-gnu/libpthread-2.13.so
0066c000-0066e000 rw-p 00000000 00:00 0 
0066e000-00683000 r-xp 00000000 08:01 3277768    /lib/i386-linux-gnu/libnsl-2.13.so
00683000-00684000 r--p 00015000 08:01 3277768    /lib/i386-linux-gnu/libnsl-2.13.so
00684000-00685000 rw-p 00016000 08:01 3277768    /lib/i386-linux-gnu/libnsl-2.13.so
00685000-00687000 rw-p 00000000 00:00 0 
00687000-00695000 r-xp 00000000 08:01 1314043    /usr/lib/liboverlay-scrollbar-0.2.so.0.0.11
00695000-00696000 r--p 0000d000 08:01 1314043    /usr/lib/liboverlay-scrollbar-0.2.so.0.0.11
00696000-00697000 rw-p 0000e000 08:01 1314043    /usr/lib/liboverlay-scrollbar-0.2.so.0.0.11
00697000-006a6000 r-xp 00000000 08:01 1311519    /usr/lib/libcanberra.so.0.2.5
006a6000-006a7000 r--p 0000e000 08:01 1311519    /usr/lib/libcanberra.so.0.2.5
006a7000-006a8000 rw-p 0000f000 08:01 1311519    /usr/lib/libcanberra.so.0.2.5
006a8000-006b0000 r-xp 00000000 08:01 1313951    /usr/lib/libltdl.so.7.3.0
006b0000-006b1000 r--p 00008000 08:01 1313951    /usr/lib/libltdl.so.7.3.0
006b1000-006b2000 rw-p 00009000 08:01 1313951    /usr/lib/libltdl.so.7.3.0
006b2000-006db000 r-xp 00000000 08:01 1316238    /usr/lib/i386-linux-gnu/libvorbis.so.0.4.5
006db000-006dc000 r--p 00028000 08:01 1316238    /usr/lib/i386-linux-gnu/libvorbis.so.0.4.5
006dc000-006dd000 rw-p 00029000 08:01 1316238    /usr/lib/i386-linux-gnu/libvorbis.so.0.4.5
006dd000-006e3000 r-xp 00000000 08:01 1316156    /usr/lib/i386-linux-gnu/libogg.so.0.7.1
006e3000-006e4000 r--p 00005000 08:01 1316156    /usr/lib/i386-linux-gnu/libogg.so.0.7.1
006e4000-006e5000 rw-p 00006000 08:01 1316156    /usr/lib/i386-linux-gnu/libogg.so.0.7.1
006e5000-006e6000 r-xp 00000000 08:01 1316567    /usr/lib/i386-linux-gnu/gdk-pixbuf-2.0/2.10.0/loaders/libpixbufloader-svg.so
006e6000-006e7000 r--p 00000000 08:01 1316567    /usr/lib/i386-linux-gnu/gdk-pixbuf-2.0/2.10.0/loaders/libpixbufloader-svg.so
006e7000-006e8000 rw-p 00001000 08:01 1316567    /usr/lib/i386-linux-gnu/gdk-pixbuf-2.0/2.10.0/loaders/libpixbufloader-svg.so
006e8000-006eb000 r-xp 00000000 08:01 1316078    /usr/lib/i386-linux-gnu/libgmodule-2.0.so.0.3000.0
006eb000-006ec000 r--p 00002000 08:01 1316078    /usr/lib/i386-linux-gnu/libgmodule-2.0.so.0.3000.0
006ec000-006ed000 rw-p 00003000 08:01 1316078    /usr/lib/i386-linux-gnu/libgmodule-2.0.so.0.3000.0
006ed000-0070b000 r-xp 00000000 08:01 3277720    /lib/i386-linux-gnu/ld-2.13.so
0070b000-0070c000 r--p 0001d000 08:01 3277720    /lib/i386-linux-gnu/ld-2.13.so
0070c000-0070d000 rw-p 0001e000 08:01 3277720    /lib/i386-linux-gnu/ld-2.13.so
0070d000-0073a000 r-xp 00000000 08:01 1315806    /usr/lib/gtk-2.0/2.10.0/engines/libmurrine.so
0073a000-0073b000 r--p 0002c000 08:01 1315806    /usr/lib/gtk-2.0/2.10.0/engines/libmurrine.so
0073b000-0073c000 rw-p 0002d000 08:01 1315806    /usr/lib/gtk-2.0/2.10.0/engines/libmurrine.so
0073c000-00741000 r-xp 00000000 08:01 1313516    /usr/lib/libXtst.so.6.1.0
00741000-00742000 r--p 00004000 08:01 1313516    /usr/lib/libXtst.so.6.1.0
00742000-00743000 rw-p 00005000 08:01 1313516    /usr/lib/libXtst.so.6.1.0
00743000-0074f000 r-xp 00000000 08:01 3541651    /home/pg/Programs/eclipse/plugins/org.eclipse.equinox.launcher.gtk.linux.x86_1.1.100.v20110505/eclipse_1407.so
0074f000-00750000 rw-p 0000c000 08:01 3541651    /home/pg/Programs/eclipse/plugins/org.eclipse.equinox.launcher.gtk.linux.x86_1.1.100.v20110505/eclipse_1407.so
00750000-00773000 r-xp 00000000 08:01 1971234    /usr/java/jdk1.7.0_02/jre/lib/i386/libjava.so
00773000-00774000 rw-p 00023000 08:01 1971234    /usr/java/jdk1.7.0_02/jre/lib/i386/libjava.so
00775000-0077c000 r-xp 00000000 08:01 1315976    /usr/lib/i386-linux-gnu/libXrandr.so.2.2.0
0077c000-0077d000 r--p 00006000 08:01 1315976    /usr/lib/i386-linux-gnu/libXrandr.so.2.2.0
0077d000-0077e000 rw-p 00007000 08:01 1315976    /usr/lib/i386-linux-gnu/libXrandr.so.2.2.0
0077e000-0078c000 r-xp 00000000 08:01 1971252    /usr/java/jdk1.7.0_02/jre/lib/i386/libnio.so
0078c000-0078d000 rw-p 0000e000 08:01 1971252    /usr/java/jdk1.7.0_02/jre/lib/i386/libnio.so
0078f000-00798000 r-xp 00000000 08:01 1315978    /usr/lib/i386-linux-gnu/libXrender.so.1.3.0
00798000-00799000 r--p 00008000 08:01 1315978    /usr/lib/i386-linux-gnu/libXrender.so.1.3.0
00799000-0079a000 rw-p 00009000 08:01 1315978    /usr/lib/i386-linux-gnu/libXrender.so.1.3.0
0079a000-007b1000 r-xp 00000000 08:01 1971264    /usr/java/jdk1.7.0_02/jre/lib/i386/libzip.so
007b1000-007b2000 rw-p 00017000 08:01 1971264    /usr/java/jdk1.7.0_02/jre/lib/i386/libzip.so
007b2000-007c6000 r-xp 00000000 08:01 1971247    /usr/java/jdk1.7.0_02/jre/lib/i386/libnet.so
007c6000-007c7000 rw-p 00014000 08:01 1971247    /usr/java/jdk1.7.0_02/jre/lib/i386/libnet.so
007c7000-007ce000 r-xp 00000000 08:01 3277797    /lib/i386-linux-gnu/librt-2.13.so
007ce000-007cf000 r--p 00006000 08:01 3277797    /lib/i386-linux-gnu/librt-2.13.so
007cf000-007d0000 rw-p 00007000 08:01 3277797    /lib/i386-linux-gnu/librt-2.13.so
007d0000-00897000 r-xp 00000000 08:01 1316018    /usr/lib/i386-linux-gnu/libcairo.so.2.11000.2
00897000-00898000 r--p 000c7000 08:01 1316018    /usr/lib/i386-linux-gnu/libcairo.so.2.11000.2
00898000-00899000 rw-p 000c8000 08:01 1316018    /usr/lib/i386-linux-gnu/libcairo.so.2.11000.2
00899000-0089b000 rw-p 00000000 00:00 0 
0089b000-0089d000 r-xp 00000000 08:01 1316662    /usr/lib/i386-linux-gnu/pango/1.6.0/modules/pango-basic-fc.so
0089d000-0089e000 r--p 00001000 08:01 1316662    /usr/lib/i386-linux-gnu/pango/1.6.0/modules/pango-basic-fc.so
0089e000-0089f000 rw-p 00002000 08:01 1316662    /usr/lib/i386-linux-gnu/pango/1.6.0/modules/pango-basic-fc.so
0089f000-008a3000 r-xp 00000000 08:01 1316563    /usr/lib/i386-linux-gnu/gdk-pixbuf-2.0/2.10.0/loaders/libpixbufloader-png.so
008a3000-008a4000 r--p 00003000 08:01 1316563    /usr/lib/i386-linux-gnu/gdk-pixbuf-2.0/2.10.0/loaders/libpixbufloader-png.so
008a4000-008a5000 rw-p 00004000 08:01 1316563    /usr/lib/i386-linux-gnu/gdk-pixbuf-2.0/2.10.0/loaders/libpixbufloader-png.so
008a5000-008ae000 r-xp 00000000 08:01 3542158    /home/pg/Programs/eclipse/configuration/org.eclipse.osgi/bundles/247/1/.cp/libswt-atk-gtk-3738.so
008ae000-008af000 rw-p 00009000 08:01 3542158    /home/pg/Programs/eclipse/configuration/org.eclipse.osgi/bundles/247/1/.cp/libswt-atk-gtk-3738.so
008af000-008b4000 r-xp 00000000 08:01 1316557    /usr/lib/i386-linux-gnu/gdk-pixbuf-2.0/2.10.0/loaders/libpixbufloader-gif.so
008b4000-008b5000 r--p 00004000 08:01 1316557    /usr/lib/i386-linux-gnu/gdk-pixbuf-2.0/2.10.0/loaders/libpixbufloader-gif.so
008b5000-008b6000 rw-p 00005000 08:01 1316557    /usr/lib/i386-linux-gnu/gdk-pixbuf-2.0/2.10.0/loaders/libpixbufloader-gif.so
008b6000-008bb000 r-xp 00000000 08:01 1316590    /usr/lib/i386-linux-gnu/gtk-2.0/2.10.0/immodules/im-ibus.so
008bb000-008bc000 ---p 00005000 08:01 1316590    /usr/lib/i386-linux-gnu/gtk-2.0/2.10.0/immodules/im-ibus.so
008bc000-008bd000 r--p 00005000 08:01 1316590    /usr/lib/i386-linux-gnu/gtk-2.0/2.10.0/immodules/im-ibus.so
008bd000-008be000 rw-p 00006000 08:01 1316590    /usr/lib/i386-linux-gnu/gtk-2.0/2.10.0/immodules/im-ibus.so
008be000-008c5000 r-xp 00000000 08:01 1315315    /usr/lib/gio/modules/libdconfsettings.so
008c5000-008c6000 r--p 00006000 08:01 1315315    /usr/lib/gio/modules/libdconfsettings.so
008c6000-008c7000 rw-p 00007000 08:01 1315315    /usr/lib/gio/modules/libdconfsettings.so
008c7000-008c9000 r-xp 00000000 08:01 3276866    /lib/libnss_mdns4_minimal.so.2
008c9000-008ca000 r--p 00001000 08:01 3276866    /lib/libnss_mdns4_minimal.so.2
008ca000-008cb000 rw-p 00002000 08:01 3276866    /lib/libnss_mdns4_minimal.so.2
008cc000-008d1000 r-xp 00000000 08:01 1313874    /usr/lib/gtk-2.0/modules/libcanberra-gtk-module.so
008d1000-008d2000 r--p 00004000 08:01 1313874    /usr/lib/gtk-2.0/modules/libcanberra-gtk-module.so
008d2000-008d3000 rw-p 00005000 08:01 1313874    /usr/lib/gtk-2.0/modules/libcanberra-gtk-module.so
008d3000-008d8000 r-xp 00000000 08:01 3277772    /lib/i386-linux-gnu/libnss_dns-2.13.so
008d8000-008d9000 r--p 00004000 08:01 3277772    /lib/i386-linux-gnu/libnss_dns-2.13.so
008d9000-008da000 rw-p 00005000 08:01 3277772    /lib/i386-linux-gnu/libnss_dns-2.13.so
008da000-008dd000 r-xp 00000000 08:01 1316178    /usr/lib/i386-linux-gnu/libplds4.so
008dd000-008de000 r--p 00002000 08:01 1316178    /usr/lib/i386-linux-gnu/libplds4.so
008de000-008df000 rw-p 00003000 08:01 1316178    /usr/lib/i386-linux-gnu/libplds4.so
008e0000-008e3000 r-xp 00000000 08:01 3277744    /lib/i386-linux-gnu/libdl-2.13.so
008e3000-008e4000 r--p 00002000 08:01 3277744    /lib/i386-linux-gnu/libdl-2.13.so
008e4000-008e5000 rw-p 00003000 08:01 3277744    /lib/i386-linux-gnu/libdl-2.13.so
008e5000-00963000 r-xp 00000000 08:01 1316176    /usr/lib/i386-linux-gnu/libpixman-1.so.0.22.2
00963000-00967000 r--p 0007d000 08:01 1316176    /usr/lib/i386-linux-gnu/libpixman-1.so.0.22.2
00967000-00968000 rw-p 00081000 08:01 1316176    /usr/lib/i386-linux-gnu/libpixman-1.so.0.22.2
00968000-009c3000 r-xp 00000000 08:01 3542148    /home/pg/Programs/eclipse/configuration/org.eclipse.osgi/bundles/247/1/.cp/libswt-pi-gtk-3738.so
009c3000-009c5000 rw-p 0005a000 08:01 3542148    /home/pg/Programs/eclipse/configuration/org.eclipse.osgi/bundles/247/1/.cp/libswt-pi-gtk-3738.so
009c5000-009c6000 rw-p 00000000 00:00 0 
009c6000-00a05000 r-xp 00000000 08:01 1313883    /usr/lib/libibus-1.0.so.0.0.0
00a05000-00a06000 r--p 0003f000 08:01 1313883    /usr/lib/libibus-1.0.so.0.0.0
00a06000-00a07000 rw-p 00040000 08:01 1313883    /usr/lib/libibus-1.0.so.0.0.0
00a07000-00a0b000 r-xp 00000000 08:01 1316177    /usr/lib/i386-linux-gnu/libplc4.so
00a0b000-00a0c000 r--p 00003000 08:01 1316177    /usr/lib/i386-linux-gnu/libplc4.so
00a0c000-00a0d000 rw-p 00004000 08:01 1316177    /usr/lib/i386-linux-gnu/libplc4.so
00a15000-00a16000 r-xp 00000000 00:00 0          [vdso]
00a16000-00b58000 r-xp 00000000 08:01 1316074    /usr/lib/i386-linux-gnu/libgio-2.0.so.0.3000.0
00b58000-00b5a000 r--p 00142000 08:01 1316074    /usr/lib/i386-linux-gnu/libgio-2.0.so.0.3000.0
00b5a000-00b5b000 rw-p 00144000 08:01 1316074    /usr/lib/i386-linux-gnu/libgio-2.0.so.0.3000.0
00b5b000-00b5c000 rw-p 00000000 00:00 0 
00b5c000-00b6f000 r-xp 00000000 08:01 1315316    /usr/lib/gio/modules/libgioremote-volume-monitor.so
00b6f000-00b70000 r--p 00012000 08:01 1315316    /usr/lib/gio/modules/libgioremote-volume-monitor.so
00b70000-00b71000 rw-p 00013000 08:01 1315316    /usr/lib/gio/modules/libgioremote-volume-monitor.so
00b71000-00bb8000 r-xp 00000000 08:01 3277743    /lib/i386-linux-gnu/libdbus-1.so.3.5.7
00bb8000-00bb9000 r--p 00046000 08:01 3277743    /lib/i386-linux-gnu/libdbus-1.so.3.5.7
00bb9000-00bba000 rw-p 00047000 08:01 3277743    /lib/i386-linux-gnu/libdbus-1.so.3.5.7
00bba000-00bcf000 r-xp 00000000 08:01 1315872    /usr/lib/gvfs/libgvfscommon.so
00bcf000-00bd0000 r--p 00015000 08:01 1315872    /usr/lib/gvfs/libgvfscommon.so
00bd0000-00bd1000 rw-p 00016000 08:01 1315872    /usr/lib/gvfs/libgvfscommon.so
00bd1000-00bfb000 r-xp 00000000 08:01 1315317    /usr/lib/gio/modules/libgvfsdbus.so
00bfb000-00bfc000 r--p 00029000 08:01 1315317    /usr/lib/gio/modules/libgvfsdbus.so
00bfc000-00bfd000 rw-p 0002a000 08:01 1315317    /usr/lib/gio/modules/libgvfsdbus.so
00c02000-00c10000 r-xp 00000000 08:01 1315972    /usr/lib/i386-linux-gnu/libXi.so.6.1.0
00c10000-00c11000 r--p 0000d000 08:01 1315972    /usr/lib/i386-linux-gnu/libXi.so.6.1.0
00c11000-00c12000 rw-p 0000e000 08:01 1315972    /usr/lib/i386-linux-gnu/libXi.so.6.1.0
00c12000-00c22000 r-xp 00000000 08:01 3277806    /lib/i386-linux-gnu/libudev.so.0.12.0
00c22000-00c23000 r--p 0000f000 08:01 3277806    /lib/i386-linux-gnu/libudev.so.0.12.0
00c23000-00c24000 rw-p 00010000 08:01 3277806    /lib/i386-linux-gnu/libudev.so.0.12.0
00c30000-00c3c000 r-xp 00000000 08:01 1971217    /usr/java/jdk1.7.0_02/jre/lib/i386/libverify.so
00c3c000-00c3d000 rw-p 0000c000 08:01 1971217    /usr/java/jdk1.7.0_02/jre/lib/i386/libverify.so
00c3d000-00c59000 r-xp 00000000 08:01 3277754    /lib/i386-linux-gnu/libgcc_s.so.1
00c59000-00c5a000 r--p 0001b000 08:01 3277754    /lib/i386-linux-gnu/libgcc_s.so.1
00c5a000-00c5b000 rw-p 0001c000 08:01 3277754    /lib/i386-linux-gnu/libgcc_s.so.1
00c5e000-00c7b000 r-xp 00000000 08:01 1316252    /usr/lib/i386-linux-gnu/libxcb.so.1.1.0
00c7b000-00c7c000 r--p 0001c000 08:01 1316252    /usr/lib/i386-linux-gnu/libxcb.so.1.1.0
00c7c000-00c7d000 rw-p 0001d000 08:01 1316252    /usr/lib/i386-linux-gnu/libxcb.so.1.1.0
00c7d000-00c80000 r-xp 00000000 08:01 3542147    /home/pg/Programs/eclipse/configuration/org.eclipse.osgi/bundles/247/1/.cp/libswt-gtk-3738.so
00c80000-00c81000 rw-p 00002000 08:01 3542147    /home/pg/Programs/eclipse/configuration/org.eclipse.osgi/bundles/247/1/.cp/libswt-gtk-3738.so
00c81000-00c82000 rw-p 00000000 00:00 0 
00c94000-00c9e000 r-xp 00000000 08:01 3542164    /home/pg/Programs/eclipse/configuration/org.eclipse.osgi/bundles/247/1/.cp/libswt-cairo-gtk-3738.so
00c9e000-00c9f000 rw-p 00009000 08:01 3542164    /home/pg/Programs/eclipse/configuration/org.eclipse.osgi/bundles/247/1/.cp/libswt-cairo-gtk-3738.so
00cab000-00cb3000 r-xp 00000000 08:01 1316246    /usr/lib/i386-linux-gnu/libxcb-render.so.0.0.0
00cb3000-00cb4000 r--p 00007000 08:01 1316246    /usr/lib/i386-linux-gnu/libxcb-render.so.0.0.0
00cb4000-00cb5000 rw-p 00008000 08:01 1316246    /usr/lib/i386-linux-gnu/libxcb-render.so.0.0.0
00cbb000-00cbd000 r-xp 00000000 08:01 1315956    /usr/lib/i386-linux-gnu/libXau.so.6.0.0
00cbd000-00cbe000 r--p 00001000 08:01 1315956    /usr/lib/i386-linux-gnu/libXau.so.6.0.0
00cbe000-00cbf000 rw-p 00002000 08:01 1315956    /usr/lib/i386-linux-gnu/libXau.so.6.0.0
00cc1000-00cfe000 r-xp 00000000 08:01 3277790    /lib/i386-linux-gnu/libpcre.so.3.12.1
00cfe000-00cff000 r--p 0003c000 08:01 3277790    /lib/i386-linux-gnu/libpcre.so.3.12.1
00cff000-00d00000 rw-p 0003d000 08:01 3277790    /lib/i386-linux-gnu/libpcre.so.3.12.1
00d00000-00d17000 r-xp 00000000 08:01 1316151    /usr/lib/i386-linux-gnu/libnssutil3.so
00d17000-00d1a000 r--p 00016000 08:01 1316151    /usr/lib/i386-linux-gnu/libnssutil3.so
00d1a000-00d1b000 rw-p 00019000 08:01 1316151    /usr/lib/i386-linux-gnu/libnssutil3.so
00d28000-00d2a000 r-xp 00000000 08:01 3671579    /home/pg/Programs/eclipse/configuration/org.eclipse.osgi/bundles/53/1/.cp/os/linux/x86/libunixfile_1_0_0.so
00d2a000-00d2b000 rw-p 00001000 08:01 3671579    /home/pg/Programs/eclipse/configuration/org.eclipse.osgi/bundles/53/1/.cp/os/linux/x86/libunixfile_1_0_0.so
00d2b000-00d4d000 r-xp 00000000 08:01 1316109    /usr/lib/i386-linux-gnu/libjpeg.so.62.0.0
00d4d000-00d4e000 r--p 00022000 08:01 1316109    /usr/lib/i386-linux-gnu/libjpeg.so.62.0.0
00d4e000-00d4f000 rw-p 00023000 08:01 1316109    /usr/lib/i386-linux-gnu/libjpeg.so.62.0.0
00d55000-00d5a000 r-xp 00000000 08:01 1315964    /usr/lib/i386-linux-gnu/libXdmcp.so.6.0.0
00d5a000-00d5b000 r--p 00004000 08:01 1315964    /usr/lib/i386-linux-gnu/libXdmcp.so.6.0.0
00d5b000-00d5c000 rw-p 00005000 08:01 1315964    /usr/lib/i386-linux-gnu/libXdmcp.so.6.0.0
00d5c000-00d7f000 r-xp 00000000 08:01 1316039    /usr/lib/i386-linux-gnu/libdbus-glib-1.so.2.2.0
00d7f000-00d80000 r--p 00022000 08:01 1316039    /usr/lib/i386-linux-gnu/libdbus-glib-1.so.2.2.0
00d80000-00d81000 rw-p 00023000 08:01 1316039    /usr/lib/i386-linux-gnu/libdbus-glib-1.so.2.2.0
00d82000-00d8a000 r-xp 00000000 08:01 1316242    /usr/lib/i386-linux-gnu/libvorbisfile.so.3.3.4
00d8a000-00d8b000 r--p 00007000 08:01 1316242    /usr/lib/i386-linux-gnu/libvorbisfile.so.3.3.4
00d8b000-00d8c000 rw-p 00008000 08:01 1316242    /usr/lib/i386-linux-gnu/libvorbisfile.so.3.3.4
00d98000-00d9c000 r-xp 00000000 08:01 1315968    /usr/lib/i386-linux-gnu/libXfixes.so.3.1.0
00d9c000-00d9d000 r--p 00003000 08:01 1315968    /usr/lib/i386-linux-gnu/libXfixes.so.3.1.0
00d9d000-00d9e000 rw-p 00004000 08:01 1315968    /usr/lib/i386-linux-gnu/libXfixes.so.3.1.0
00d9e000-00dbe000 rwxp 00000000 00:00 0 
00dc5000-00dd6000 r-xp 00000000 08:01 1316225    /usr/lib/i386-linux-gnu/libtdb.so.1.2.9
00dd6000-00dd7000 r--p 00010000 08:01 1316225    /usr/lib/i386-linux-gnu/libtdb.so.1.2.9
00dd7000-00dd8000 rw-p 00011000 08:01 1316225    /usr/lib/i386-linux-gnu/libtdb.so.1.2.9
00ddc000-00dde000 r-xp 00000000 08:01 1315958    /usr/lib/i386-linux-gnu/libXcomposite.so.1.0.0
00dde000-00ddf000 r--p 00001000 08:01 1315958    /usr/lib/i386-linux-gnu/libXcomposite.so.1.0.0
00ddf000-00de0000 rw-p 00002000 08:01 1315958    /usr/lib/i386-linux-gnu/libXcomposite.so.1.0.0
00df7000-00e14000 r-xp 00000000 08:01 1315992    /usr/lib/i386-linux-gnu/libatk-1.0.so.0.20209.1
00e14000-00e16000 r--p 0001c000 08:01 1315992    /usr/lib/i386-linux-gnu/libatk-1.0.so.0.20209.1
00e16000-00e17000 rw-p 0001e000 08:01 1315992    /usr/lib/i386-linux-gnu/libatk-1.0.so.0.20209.1
00e17000-00e4a000 r-xp 00000000 08:01 1971254    /usr/java/jdk1.7.0_02/jre/lib/i386/libsunec.so
00e4a000-00e4e000 rw-p 00032000 08:01 1971254    /usr/java/jdk1.7.0_02/jre/lib/i386/libsunec.so
00e4e000-00e52000 rw-p 00000000 00:00 0 
00e52000-00e79000 r-xp 00000000 08:01 1316205    /usr/lib/i386-linux-gnu/libsmime3.so
00e79000-00e7a000 ---p 00027000 08:01 1316205    /usr/lib/i386-linux-gnu/libsmime3.so
00e7a000-00e7c000 r--p 00027000 08:01 1316205    /usr/lib/i386-linux-gnu/libsmime3.so
00e7c000-00e7d000 rw-p 00029000 08:01 1316205    /usr/lib/i386-linux-gnu/libsmime3.so
00e94000-00e9f000 r-xp 00000000 08:01 3277774    /lib/i386-linux-gnu/libnss_files-2.13.so
00e9f000-00ea0000 r--p 0000a000 08:01 3277774    /lib/i386-linux-gnu/libnss_files-2.13.so
00ea0000-00ea1000 rw-p 0000b000 08:01 3277774    /lib/i386-linux-gnu/libnss_files-2.13.so
00eb8000-00f63000 r-xp 00000000 08:01 1316068    /usr/lib/i386-linux-gnu/libgdk-x11-2.0.so.0.2400.6
00f63000-00f65000 r--p 000ab000 08:01 1316068    /usr/lib/i386-linux-gnu/libgdk-x11-2.0.so.0.2400.6
00f65000-00f66000 rw-p 000ad000 08:01 1316068    /usr/lib/i386-linux-gnu/libgdk-x11-2.0.so.0.2400.6
00f66000-00f86000 rwxp 00000000 00:00 0 
00f8b000-00f8d000 r-xp 00000000 08:01 1315974    /usr/lib/i386-linux-gnu/libXinerama.so.1.0.0
00f8d000-00f8e000 r--p 00001000 08:01 1315974    /usr/lib/i386-linux-gnu/libXinerama.so.1.0.0
00f8e000-00f8f000 rw-p 00002000 08:01 1315974    /usr/lib/i386-linux-gnu/libXinerama.so.1.0.0
00f8f000-00f94000 r-xp 00000000 08:01 1316055    /usr/lib/i386-linux-gnu/libffi.so.6.0.0
00f94000-00f95000 r--p 00004000 08:01 1316055    /usr/lib/i386-linux-gnu/libffi.so.6.0.0
00f95000-00f96000 rw-p 00005000 08:01 1316055    /usr/lib/i386-linux-gnu/libffi.so.6.0.0
00fa2000-00fad000 r-xp 00000000 08:01 1316160    /usr/lib/i386-linux-gnu/libpangocairo-1.0.so.0.2903.0
00fad000-00fae000 r--p 0000a000 08:01 1316160    /usr/lib/i386-linux-gnu/libpangocairo-1.0.so.0.2903.0
00fae000-00faf000 rw-p 0000b000 08:01 1316160    /usr/lib/i386-linux-gnu/libpangocairo-1.0.so.0.2903.0
00faf000-010e0000 r-xp 00000000 08:01 1315954    /usr/lib/i386-linux-gnu/libX11.so.6.3.0
010e0000-010e1000 ---p 00131000 08:01 1315954    /usr/lib/i386-linux-gnu/libX11.so.6.3.0
010e1000-010e2000 r--p 00131000 08:01 1315954    /usr/lib/i386-linux-gnu/libX11.so.6.3.0
010e2000-010e4000 rw-p 00132000 08:01 1315954    /usr/lib/i386-linux-gnu/libX11.so.6.3.0
010e4000-010e5000 rw-p 00000000 00:00 0 
010e5000-011d1000 r-xp 00000000 08:01 1315988    /usr/lib/i386-linux-gnu/libasound.so.2.0.0
011d1000-011d5000 r--p 000eb000 08:01 1315988    /usr/lib/i386-linux-gnu/libasound.so.2.0.0
011d5000-011d6000 rw-p 000ef000 08:01 1315988    /usr/lib/i386-linux-gnu/libasound.so.2.0.0
011d6000-0121f000 r-xp 00000000 08:01 1971216    /usr/java/jdk1.7.0_02/jre/lib/i386/xawt/libmawt.so
0121f000-01221000 rw-p 00048000 08:01 1971216    /usr/java/jdk1.7.0_02/jre/lib/i386/xawt/libmawt.so
01221000-01222000 rw-p 00000000 00:00 0 
01222000-01281000 r-xp 00000000 08:01 1971243    /usr/java/jdk1.7.0_02/jre/lib/i386/libt2k.so
01281000-01285000 rw-p 0005f000 08:01 1971243    /usr/java/jdk1.7.0_02/jre/lib/i386/libt2k.so
01285000-01289000 rw-p 00000000 00:00 0 
01852000-01cb3000 r-xp 00000000 08:01 1316094    /usr/lib/i386-linux-gnu/libgtk-x11-2.0.so.0.2400.6
01cb3000-01cb7000 r--p 00461000 08:01 1316094    /usr/lib/i386-linux-gnu/libgtk-x11-2.0.so.0.2400.6
01cb7000-01cb9000 rw-p 00465000 08:01 1316094    /usr/lib/i386-linux-gnu/libgtk-x11-2.0.so.0.2400.6
01cb9000-01cbb000 rw-p 00000000 00:00 0 
01cbb000-03b8b000 r-xp 00000000 08:01 2243282    /home/pg/Programs/eclipse/plugins/com.aptana.swt.webkitbrowser.linux.x86_1.0.0.1295409059/os/linux/x86/libcefjni.so
03b8b000-03b8c000 r--p 01ecf000 08:01 2243282    /home/pg/Programs/eclipse/plugins/com.aptana.swt.webkitbrowser.linux.x86_1.0.0.1295409059/os/linux/x86/libcefjni.so
03b8c000-03b9d000 rw-p 01ed0000 08:01 2243282    /home/pg/Programs/eclipse/plugins/com.aptana.swt.webkitbrowser.linux.x86_1.0.0.1295409059/os/linux/x86/libcefjni.so
03b9d000-03bbc000 rw-p 00000000 00:00 0 
03c97000-03e32000 r-xp 00000000 08:01 2243271    /home/pg/Programs/eclipse/plugins/com.aptana.swt.webkitbrowser.linux.x86_1.0.0.1295409059/os/linux/x86/libffmpegsumo.so
03e32000-03e33000 r--p 0019a000 08:01 2243271    /home/pg/Programs/eclipse/plugins/com.aptana.swt.webkitbrowser.linux.x86_1.0.0.1295409059/os/linux/x86/libffmpegsumo.so
03e33000-03e36000 rw-p 0019b000 08:01 2243271    /home/pg/Programs/eclipse/plugins/com.aptana.swt.webkitbrowser.linux.x86_1.0.0.1295409059/os/linux/x86/libffmpegsumo.so
03e36000-03e91000 rw-p 00000000 00:00 0 
04151000-04193000 r-xp 00000000 08:01 1971259    /usr/java/jdk1.7.0_02/jre/lib/i386/libfontmanager.so
04193000-04196000 rw-p 00041000 08:01 1971259    /usr/java/jdk1.7.0_02/jre/lib/i386/libfontmanager.so
04196000-0419a000 rw-p 00000000 00:00 0 
045fb000-04627000 r-xp 00000000 08:01 1310739    /usr/lib/libgconf-2.so.4.1.5
04627000-04628000 r--p 0002b000 08:01 1310739    /usr/lib/libgconf-2.so.4.1.5
04628000-04629000 rw-p 0002c000 08:01 1310739    /usr/lib/libgconf-2.so.4.1.5
04825000-04cfd000 r-xp 00000000 08:01 1971229    /usr/java/jdk1.7.0_02/jre/lib/i386/client/libjvm.so
04cfd000-04d18000 rw-p 004d8000 08:01 1971229    /usr/java/jdk1.7.0_02/jre/lib/i386/client/libjvm.so
04d18000-05135000 rw-p 00000000 00:00 0 
055a9000-055e0000 r-xp 00000000 08:01 1316142    /usr/lib/i386-linux-gnu/libnspr4.so
055e0000-055e1000 ---p 00037000 08:01 1316142    /usr/lib/i386-linux-gnu/libnspr4.so
055e1000-055e2000 r--p 00037000 08:01 1316142    /usr/lib/i386-linux-gnu/libnspr4.so
055e2000-055e3000 rw-p 00038000 08:01 1316142    /usr/lib/i386-linux-gnu/libnspr4.so
055e3000-055e5000 rw-p 00000000 00:00 0 
05622000-056a8000 r-xp 00000000 08:01 1971214    /usr/java/jdk1.7.0_02/jre/lib/i386/libawt.so
056a8000-056af000 rw-p 00086000 08:01 1971214    /usr/java/jdk1.7.0_02/jre/lib/i386/libawt.so
056af000-056d3000 rw-p 00000000 00:00 0 
058ef000-059cd000 r-xp 00000000 08:01 1316219    /usr/lib/i386-linux-gnu/libstdc++.so.6.0.16
059cd000-059ce000 ---p 000de000 08:01 1316219    /usr/lib/i386-linux-gnu/libstdc++.so.6.0.16
059ce000-059d2000 r--p 000de000 08:01 1316219    /usr/lib/i386-linux-gnu/libstdc++.so.6.0.16
059d2000-059d3000 rw-p 000e2000 08:01 1316219    /usr/lib/i386-linux-gnu/libstdc++.so.6.0.16
059d3000-059da000 rw-p 00000000 00:00 0 
05c84000-05e93000 r-xp 00000000 08:01 2243245    /home/pg/Programs/eclipse/plugins/com.aptana.swt.webkitbrowser.linux.x86_1.0.0.1295409059/os/linux/x86/libosmesa.so
05e93000-05e9a000 r--p 0020e000 08:01 2243245    /home/pg/Programs/eclipse/plugins/com.aptana.swt.webkitbrowser.linux.x86_1.0.0.1295409059/os/linux/x86/libosmesa.so
05e9a000-05e9c000 rw-p 00215000 08:01 2243245    /home/pg/Programs/eclipse/plugins/com.aptana.swt.webkitbrowser.linux.x86_1.0.0.1295409059/os/linux/x86/libosmesa.so
05e9c000-05eab000 rw-p 00000000 00:00 0 
06752000-06783000 r-xp 00000000 08:01 1313603    /usr/lib/libcroco-0.6.so.3.0.1
06783000-06784000 r--p 00030000 08:01 1313603    /usr/lib/libcroco-0.6.so.3.0.1
06784000-06786000 rw-p 00031000 08:01 1313603    /usr/lib/libcroco-0.6.so.3.0.1
07ba3000-07bd9000 r-xp 00000000 08:01 1316195    /usr/lib/i386-linux-gnu/librsvg-2.so.2.34.1
07bd9000-07bda000 r--p 00036000 08:01 1316195    /usr/lib/i386-linux-gnu/librsvg-2.so.2.34.1
07bda000-07bdb000 rw-p 00037000 08:01 1316195    /usr/lib/i386-linux-gnu/librsvg-2.so.2.34.1
08048000-0804c000 r-xp 00000000 08:01 1449690    /home/pg/Programs/eclipse/eclipse
0804c000-0804d000 rw-p 00003000 08:01 1449690    /home/pg/Programs/eclipse/eclipse
082fa000-08441000 r-xp 00000000 08:01 1314898    /usr/lib/libxml2.so.2.7.8
08441000-08445000 r--p 00147000 08:01 1314898    /usr/lib/libxml2.so.2.7.8
08445000-08446000 rw-p 0014b000 08:01 1314898    /usr/lib/libxml2.so.2.7.8
08446000-08447000 rw-p 00000000 00:00 0 
08b3f000-08c7b000 r-xp 00000000 08:01 1316143    /usr/lib/i386-linux-gnu/libnss3.so
08c7b000-08c7e000 r--p 0013b000 08:01 1316143    /usr/lib/i386-linux-gnu/libnss3.so
08c7e000-08c80000 rw-p 0013e000 08:01 1316143    /usr/lib/i386-linux-gnu/libnss3.so
09d54000-0bf93000 rw-p 00000000 00:00 0          [heap]
84f00000-84fa3000 rw-p 00000000 00:00 0 
84fa3000-85000000 ---p 00000000 00:00 0 
85000000-8505a000 rw-p 00000000 00:00 0 
8505a000-85100000 ---p 00000000 00:00 0 
85100000-851e9000 rw-p 00000000 00:00 0 
851e9000-85200000 ---p 00000000 00:00 0 
85300000-853da000 rw-p 00000000 00:00 0 
853da000-85400000 ---p 00000000 00:00 0 
85400000-854e3000 rw-p 00000000 00:00 0 
854e3000-85500000 ---p 00000000 00:00 0 
85500000-85600000 rw-p 00000000 00:00 0 
85900000-859f8000 rw-p 00000000 00:00 0 
859f8000-85a00000 ---p 00000000 00:00 0 
85a00000-85ae2000 rw-p 00000000 00:00 0 
85ae2000-85b00000 ---p 00000000 00:00 0 
85b00000-85bfa000 rw-p 00000000 00:00 0 
85bfa000-85c00000 ---p 00000000 00:00 0 
85fbd000-861bf000 rw-p 00000000 00:00 0 
862af000-862b2000 ---p 00000000 00:00 0 
862b2000-86300000 rw-p 00000000 00:00 0 
86300000-863fa000 rw-p 00000000 00:00 0 
863fa000-86400000 ---p 00000000 00:00 0 
86400000-864ff000 rw-p 00000000 00:00 0 
864ff000-86500000 ---p 00000000 00:00 0 
86500000-865f1000 rw-p 00000000 00:00 0 
865f1000-86600000 ---p 00000000 00:00 0 
86641000-86ffa000 r--p 00000000 08:01 2492033    /usr/share/icons/hicolor/icon-theme.cache
86ffa000-87217000 r--p 00000000 08:01 2499646    /usr/share/icons/gnome/icon-theme.cache
87217000-87300000 r--p 00000000 08:01 2502037    /usr/share/icons/Humanity/icon-theme.cache
87300000-873fd000 rw-p 00000000 00:00 0 
873fd000-87400000 ---p 00000000 00:00 0 
87412000-87415000 ---p 00000000 00:00 0 
87415000-87463000 rw-p 00000000 00:00 0 
87463000-87485000 r--s 00000000 08:01 2100856    /usr/share/fonts/truetype/ttf-liberation/LiberationSans-Regular.ttf
87485000-874a7000 r--s 00000000 08:01 2100853    /usr/share/fonts/truetype/ttf-liberation/LiberationSans-Bold.ttf
874b5000-874b8000 ---p 00000000 00:00 0 
874b8000-87506000 rw-p 00000000 00:00 0 
87506000-8752b000 r--s 001bd000 08:01 2106106    /home/pg/Programs/eclipse/plugins/org.eclipse.egit.ui_1.1.0.201109151100-r.jar
87559000-8757c000 r--p 00000000 08:01 2512046    /usr/share/icons/ubuntu-mono-dark/icon-theme.cache
8757c000-87621000 r--p 00000000 08:01 2100822    /usr/share/fonts/truetype/ttf-dejavu/DejaVuSans-Bold.ttf
87633000-8764a000 r--s 00149000 08:01 2106135    /home/pg/Programs/eclipse/plugins/org.eclipse.jgit_1.1.0.201109151100-r.jar
8764a000-8764d000 ---p 00000000 00:00 0 
8764d000-8769b000 rw-p 00000000 00:00 0 
8769b000-8769e000 ---p 00000000 00:00 0 
8769e000-876ec000 rw-p 00000000 00:00 0 
8776d000-8782f000 rw-p 00000000 00:00 0 
8782f000-88000000 ---p 00000000 00:00 0 
88000000-88080000 rw-p 00000000 00:00 0 
88080000-88800000 ---p 00000000 00:00 0 
88800000-88880000 rw-p 00000000 00:00 0 
88880000-8982f000 ---p 00000000 00:00 0 
8982f000-89830000 ---p 00000000 00:00 0 
89830000-8a030000 rw-p 00000000 00:00 0 
8a030000-8a033000 ---p 00000000 00:00 0 
8a033000-8a831000 rw-p 00000000 00:00 0 
8a831000-8a832000 ---p 00000000 00:00 0 
8a832000-8b032000 rw-p 00000000 00:00 0 
8b032000-8b059000 r--s 00000000 08:01 2243281    /home/pg/Programs/eclipse/plugins/com.aptana.swt.webkitbrowser.linux.x86_1.0.0.1295409059/os/linux/x86/cefjniresources.pak
8b06b000-8b100000 r--s 00929000 08:01 2106433    /home/pg/Programs/eclipse/plugins/org.eclipse.jdt.ui_3.7.1.r371_v20110824-0800.jar
8b100000-8b1fd000 rw-p 00000000 00:00 0 
8b1fd000-8b200000 ---p 00000000 00:00 0 
8b200000-8b2fd000 rw-p 00000000 00:00 0 
8b2fd000-8b300000 ---p 00000000 00:00 0 
8b300000-8b3fd000 rw-p 00000000 00:00 0 
8b3fd000-8b400000 ---p 00000000 00:00 0 
8b410000-8b413000 ---p 00000000 00:00 0 
8b413000-8b461000 rw-p 00000000 00:00 0 
8b461000-8b464000 ---p 00000000 00:00 0 
8b464000-8b4b2000 rw-p 00000000 00:00 0 
8b4b2000-8b4b5000 ---p 00000000 00:00 0 
8b4b5000-8b503000 rw-p 00000000 00:00 0 
8b503000-8b506000 ---p 00000000 00:00 0 
8b506000-8b554000 rw-p 00000000 00:00 0 
8b554000-8b557000 ---p 00000000 00:00 0 
8b557000-8b5a5000 rw-p 00000000 00:00 0 
8b5ad000-8b5bd000 r--s 000db000 08:01 2106145    /home/pg/Programs/eclipse/plugins/org.eclipse.ant.ui_3.5.100.v20110510.jar
8b5c6000-8b5f2000 r--s 00426000 08:01 2106469    /home/pg/Programs/eclipse/plugins/com.android.ide.eclipse.adt_16.0.1.v201112150204-238534.jar
8b5f2000-8b60d000 r--s 00145000 08:01 2106149    /home/pg/Programs/eclipse/plugins/org.eclipse.team.ui_3.6.100.I20110525-0800.jar
8b60d000-8b610000 ---p 00000000 00:00 0 
8b610000-8b65e000 rw-p 00000000 00:00 0 
8b65e000-8b661000 ---p 00000000 00:00 0 
8b661000-8b6af000 rw-p 00000000 00:00 0 
8b6af000-8b6b2000 ---p 00000000 00:00 0 
8b6b2000-8b700000 rw-p 00000000 00:00 0 
8b700000-8b7f7000 rw-p 00000000 00:00 0 
8b7f7000-8b800000 ---p 00000000 00:00 0 
8b807000-8b839000 r--s 00244000 08:01 2106136    /home/pg/Programs/eclipse/plugins/org.eclipse.debug.ui_3.7.101.v20110817_r371.jar
8b839000-8b83c000 ---p 00000000 00:00 0 
8b83c000-8b88a000 rw-p 00000000 00:00 0 
8b88a000-8b8e2000 r--p 00000000 08:01 2100868    /usr/share/fonts/truetype/ubuntu-font-family/Ubuntu-BI.ttf
8b8e2000-8b941000 r--p 00000000 08:01 2100873    /usr/share/fonts/truetype/ubuntu-font-family/Ubuntu-RI.ttf
8b941000-8b993000 r--p 00000000 08:01 2100867    /usr/share/fonts/truetype/ubuntu-font-family/Ubuntu-B.ttf
8b993000-8b996000 ---p 00000000 00:00 0 
8b996000-8b9e4000 rw-p 00000000 00:00 0 
8b9e5000-8b9f8000 r--s 000e4000 08:01 2101881    /home/pg/Programs/eclipse/plugins/org.eclipse.wst.sse.ui_1.3.1.v201108191312.jar
8b9f8000-8ba0e000 r--s 0010b000 08:01 2115620    /home/pg/Programs/eclipse/plugins/org.jrubyparser_1.0.1.1315951256.jar
8ba0e000-8ba26000 r--s 001b6000 08:01 2624589    /tmp/jar_cache5120232510475890771.tmp (deleted)
8ba26000-8ba29000 ---p 00000000 00:00 0 
8ba29000-8ba77000 rw-p 00000000 00:00 0 
8ba77000-8ba7a000 ---p 00000000 00:00 0 
8ba7a000-8bac8000 rw-p 00000000 00:00 0 
8bac8000-8bb28000 rw-s 00000000 00:04 13271052   /SYSV00000000 (deleted)
8bb2e000-8bb31000 ---p 00000000 00:00 0 
8bb31000-8bb7f000 rw-p 00000000 00:00 0 
8bb84000-8bb92000 r--s 000a6000 08:01 2106091    /home/pg/Programs/eclipse/plugins/org.eclipse.wst.xml.core_1.1.601.v201108302147.jar
8bb92000-8bbba000 r--s 00214000 08:01 2106388    /home/pg/Programs/eclipse/plugins/org.eclipse.ui.ide_3.7.0.v20110809-1737.jar
8bbba000-8bbbd000 ---p 00000000 00:00 0 
8bbbd000-8bbc8000 rw-p 00000000 00:00 0 
8bbcf000-8bbe7000 r--s 001b6000 08:01 3154266    /home/pg/Programs/eclipse/configuration/org.eclipse.osgi/bundles/480/1/.cp/css-validator.jar
8bbe7000-8bbea000 ---p 00000000 00:00 0 
8bbea000-8bc38000 rw-p 00000000 00:00 0 
8bc38000-8bc85000 r--p 00000000 08:01 2100824    /usr/share/fonts/truetype/ttf-dejavu/DejaVuSansMono-Bold.ttf
8bc85000-8bc88000 ---p 00000000 00:00 0 
8bc88000-8bcd6000 rw-p 00000000 00:00 0 
8bce3000-8bd00000 r--s 0017c000 08:01 2106298    /home/pg/Programs/eclipse/plugins/org.eclipse.team.cvs.ui_3.3.400.I20110510-0800.jar
8bd00000-8be00000 rw-p 00000000 00:00 0 
8be02000-8be0e000 r--s 00081000 08:01 2106323    /home/pg/Programs/eclipse/plugins/org.eclipse.ui.editors_3.7.0.v20110517-0800.jar
8be0e000-8be1a000 r--s 00083000 08:01 2106318    /home/pg/Programs/eclipse/plugins/org.eclipse.ui.workbench.texteditor_3.7.0.v20110505-0800.jar
8be1e000-8be30000 r--s 000db000 08:01 2101880    /home/pg/Programs/eclipse/plugins/org.eclipse.wst.xml.ui_1.1.201.v201108151912.jar
8be30000-8be51000 r--s 00175000 08:01 2106376    /home/pg/Programs/eclipse/plugins/org.eclipse.mylyn.tasks.ui_3.6.2.v20110826-0100.jar
8be51000-8be58000 r--s 0003b000 08:01 2102937    /home/pg/Programs/eclipse/plugins/com.aptana.js.debug.ui_3.0.0.1313451701.jar
8be58000-8be62000 r--s 00069000 08:01 2106084    /home/pg/Programs/eclipse/plugins/org.eclipse.search_3.7.0.v20110505-0800.jar
8be62000-8be65000 ---p 00000000 00:00 0 
8be65000-8beb3000 rw-p 00000000 00:00 0 
8beb8000-8bec1000 r--s 0005a000 08:01 2106419    /home/pg/Programs/eclipse/plugins/org.eclipse.ui.navigator_3.5.100.v20110809-2227.jar
8bec1000-8bedd000 r--s 00356000 08:01 2105900    /home/pg/Programs/eclipse/plugins/com.aptana.scripting_3.0.0.1324602406.jar
8bedd000-8beec000 r--s 000e3000 08:01 1582034    /home/pg/android-sdks/platform-tools/lib/dx.jar
8beee000-8bef6000 r--s 0006e000 08:01 2115414    /home/pg/Programs/eclipse/plugins/com.aptana.syncing.ui_3.0.3.1320185576.jar
8bef7000-8bf00000 r--s 000e0000 08:01 2115621    /home/pg/Programs/eclipse/plugins/org.mozilla.rhino_1.7.2.1320796166.jar
8bf00000-8bffe000 rw-p 00000000 00:00 0 
8bffe000-8c000000 ---p 00000000 00:00 0 
8c004000-8c010000 r--s 000a3000 08:01 2102578    /home/pg/Programs/eclipse/plugins/com.aptana.editor.common_3.0.3.1323901670.jar
8c010000-8c062000 r--p 00000000 08:01 2100825    /usr/share/fonts/truetype/ttf-dejavu/DejaVuSansMono.ttf
8c062000-8c0b9000 r--p 00000000 08:01 2100872    /usr/share/fonts/truetype/ubuntu-font-family/Ubuntu-R.ttf
8c0b9000-8c100000 r--s 003b2000 08:01 2106115    /home/pg/Programs/eclipse/plugins/org.eclipse.ui.workbench_3.7.0.I20110519-0100.jar
8c100000-8c1fc000 rw-p 00000000 00:00 0 
8c1fc000-8c200000 ---p 00000000 00:00 0 
8c200000-8c2fe000 rw-p 00000000 00:00 0 
8c2fe000-8c300000 ---p 00000000 00:00 0 
8c307000-8c30d000 r--s 00036000 08:01 2103015    /home/pg/Programs/eclipse/plugins/com.aptana.parsing_3.0.0.1319578629/libs/jaxen-1.1.2.jar
8c30d000-8c310000 ---p 00000000 00:00 0 
8c310000-8c35e000 rw-p 00000000 00:00 0 
8c35e000-8c361000 ---p 00000000 00:00 0 
8c361000-8c3af000 rw-p 00000000 00:00 0 
8c3af000-8c3b2000 ---p 00000000 00:00 0 
8c3b2000-8c400000 rw-p 00000000 00:00 0 
8c400000-8c4fe000 rw-p 00000000 00:00 0 
8c4fe000-8c500000 ---p 00000000 00:00 0 
8c500000-8c506000 r--s 00043000 08:01 2102681    /home/pg/Programs/eclipse/plugins/com.aptana.git.ui_3.0.3.1321981043.jar
8c506000-8c50d000 r--s 00048000 08:01 2115540    /home/pg/Programs/eclipse/plugins/com.aptana.ui.io_3.0.0.1323820142.jar
8c50d000-8c50e000 r--s 00000000 08:01 4194384    /var/cache/fontconfig/c05880de57d1f5e948fdfacc138775d9-le32d4.cache-3
8c50e000-8c514000 r--s 00000000 08:01 4194381    /var/cache/fontconfig/945677eb7aeaf62f1d50efc3fb3ec7d8-le32d4.cache-3
8c514000-8c516000 r--s 00000000 08:01 4194382    /var/cache/fontconfig/99e8ed0e538f840c565b6ed5dad60d56-le32d4.cache-3
8c516000-8c519000 r--s 00000000 08:01 4194392    /var/cache/fontconfig/e383d7ea5fbe662a33d9b44caf393297-le32d4.cache-3
8c519000-8c51c000 r--s 00000000 08:01 4194369    /var/cache/fontconfig/2cd17615ca594fa2959ae173292e504c-le32d4.cache-3
8c51c000-8c51d000 r--s 00000000 08:01 4194393    /var/cache/fontconfig/e7071f4a29fa870f4323321c154eba04-le32d4.cache-3
8c51d000-8c521000 r--s 00000000 08:01 4194378    /var/cache/fontconfig/6eb3985aa4124903f6ff08ba781cd364-le32d4.cache-3
8c521000-8c522000 r--s 00000000 08:01 4194373    /var/cache/fontconfig/4c73fe0c47614734b17d736dbde7580a-le32d4.cache-3
8c522000-8c523000 r--s 00000000 08:01 4194366    /var/cache/fontconfig/0d8c3b2ac0904cb8a57a757ad11a4a08-le32d4.cache-3
8c523000-8c527000 r--s 00000000 08:01 4194383    /var/cache/fontconfig/a755afe4a08bf5b97852ceb7400b47bc-le32d4.cache-3
8c527000-8c52a000 r--s 00000000 08:01 4194377    /var/cache/fontconfig/6d41288fd70b0be22e8c3a91e032eec0-le32d4.cache-3
8c52a000-8c535000 r--s 00000000 08:01 4194367    /var/cache/fontconfig/0f34bcd4b6ee430af32735b75db7f02b-le32d4.cache-3
8c535000-8c542000 r--s 00000000 08:01 4194388    /var/cache/fontconfig/d52a8644073d54c13679302ca1180695-le32d4.cache-3
8c542000-8c54b000 r--s 00254000 08:01 1449725    /usr/java/jdk1.7.0_02/jre/lib/resources.jar
8c54b000-8c54e000 r--s 00000000 08:01 4194389    /var/cache/fontconfig/d60319d88cac85ba9e1a07bd06cfbb8c-le32d4.cache-3
8c54e000-8c58a000 r--s 00626000 08:01 2106398    /home/pg/Programs/eclipse/plugins/com.ibm.icu_4.4.2.v20110208.jar
8c58b000-8c592000 r--s 00038000 08:01 2106124    /home/pg/Programs/eclipse/plugins/org.eclipse.mylyn.context.ui_3.6.0.v20110608-1400.jar
8c594000-8c59b000 r--s 00048000 08:01 2106110    /home/pg/Programs/eclipse/plugins/org.eclipse.ltk.core.refactoring_3.5.201.r371_v20110824-0800.jar
8c59e000-8c5a2000 r--s 00013000 08:01 2106134    /home/pg/Programs/eclipse/plugins/org.eclipse.ui.views_3.6.0.I20110412-0800.jar
8c5a2000-8c5a6000 r--s 00017000 08:01 2106113    /home/pg/Programs/eclipse/plugins/org.eclipse.core.commands_3.6.0.I20110111-0800.jar
8c5a6000-8c5a9000 ---p 00000000 00:00 0 
8c5a9000-8c5f7000 rw-p 00000000 00:00 0 
8c5f7000-8c5fa000 ---p 00000000 00:00 0 
8c5fa000-8c648000 rw-p 00000000 00:00 0 
8c648000-8c64b000 ---p 00000000 00:00 0 
8c64b000-8c699000 rw-p 00000000 00:00 0 
8c699000-8c69c000 ---p 00000000 00:00 0 
8c69c000-8c6ea000 rw-p 00000000 00:00 0 
8c6ea000-8c6ec000 r--s 00000000 08:01 4195154    /var/cache/fontconfig/e13b20fdb08344e0e664864cc2ede53d-le32d4.cache-3
8c6ec000-8c700000 r--s 0021f000 08:01 2106185    /home/pg/Programs/eclipse/plugins/org.eclipse.swt.gtk.linux.x86_3.7.1.v3738a.jar
8c700000-8c800000 rw-p 00000000 00:00 0 
8c800000-8c808000 r--s 0004d000 08:01 2106305    /home/pg/Programs/eclipse/plugins/org.eclipse.debug.core_3.7.0.v20110518.jar
8c80a000-8c815000 r--p 00000000 08:01 2509312    /usr/share/icons/Humanity-Dark/icon-theme.cache
8c818000-8c81d000 r--s 00021000 08:01 2106382    /home/pg/Programs/eclipse/plugins/org.eclipse.ui_3.7.0.I20110602-0100.jar
8c81d000-8c825000 r--s 00000000 08:01 1841264    /home/pg/.local/share/gvfs-metadata/root-9942423f.log
8c825000-8c829000 r--s 00037000 08:01 1971210    /usr/java/jdk1.7.0_02/jre/lib/ext/sunpkcs11.jar
8c82a000-8c834000 r--s 00062000 08:01 2106426    /home/pg/Programs/eclipse/plugins/org.eclipse.wst.sse.core_1.1.601.v201108151912.jar
8c834000-8c83c000 r--s 0009a000 08:01 2102599    /home/pg/Programs/eclipse/plugins/com.aptana.editor.js_3.0.3.1321635969.jar
8c83e000-8c842000 r--s 00047000 08:01 2106336    /home/pg/Programs/eclipse/plugins/org.eclipse.jdt.launching_3.6.1.v20110803_r371.jar
8c842000-8c84d000 r--s 00370000 08:01 1449750    /usr/java/jdk1.7.0_02/jre/lib/charsets.jar
8c84d000-8c852000 r--s 00041000 08:01 2102992    /home/pg/Programs/eclipse/plugins/com.aptana.portal.ui_3.0.0.1322703189.jar
8c855000-8c858000 r--s 00014000 08:01 2106290    /home/pg/Programs/eclipse/plugins/org.eclipse.core.contenttype_3.4.100.v20110423-0524.jar
8c85d000-8c861000 r--s 0002d000 08:01 1971206    /usr/java/jdk1.7.0_02/jre/lib/ext/sunjce_provider.jar
8c863000-8c869000 rw-s 00000000 00:12 172674     /run/shm/com.google.chrome.shmem.libcef_250550251602606107
8c869000-8c86a000 r--s 00000000 08:01 4194376    /var/cache/fontconfig/6a53c69dea097a2d716e069445527da8-le32d4.cache-3
8c86a000-8c86e000 r--s 0002c000 08:01 2106163    /home/pg/Programs/eclipse/plugins/org.mortbay.jetty.util_6.1.23.v201012071420.jar
8c86e000-8c871000 r--s 00156000 08:01 2102890    /home/pg/Programs/eclipse/plugins/com.aptana.js.debug.core_3.0.3.1323811743.jar
8c871000-8c884000 r--s 000dd000 08:01 2106350    /home/pg/Programs/eclipse/plugins/org.eclipse.jface.text_3.7.1.r371_v20110825-0800.jar
8c884000-8c889000 r--s 00038000 08:01 2106199    /home/pg/Programs/eclipse/plugins/org.eclipse.text_3.5.101.r371_v20110810-0800.jar
8c889000-8c894000 r--s 000bb000 08:01 2106328    /home/pg/Programs/eclipse/plugins/org.eclipse.core.resources_3.7.100.v20110510-0712.jar
8c894000-8c895000 r--s 00000000 08:01 4199069    /var/cache/fontconfig/4794a0821666d79190d59a36cb4f44b5-le32d4.cache-3
8c895000-8c898000 r--s 00000000 08:01 4194380    /var/cache/fontconfig/7ef2298fde41cc6eeb7af42e48b7d293-le32d4.cache-3
8c898000-8c899000 r--p 00000000 08:01 2105768    /usr/share/locale-langpack/en_CA/LC_MESSAGES/glib20.mo
8c899000-8c89d000 r--s 0022a000 08:01 2106470    /home/pg/Programs/eclipse/plugins/com.android.ide.eclipse.ddms_16.0.1.v201112150204-238534.jar
8c89d000-8c89f000 r--s 00004000 08:01 2106378    /home/pg/Programs/eclipse/plugins/org.eclipse.mylyn.java.tasks_3.6.0.v20110608-1400.jar
8c8a0000-8c8a2000 r--s 0000e000 08:01 2106325    /home/pg/Programs/eclipse/plugins/org.eclipse.ui.ide.application_1.0.300.I20110306-2000.jar
8c8a2000-8c8b6000 r--s 000f3000 08:01 2106176    /home/pg/Programs/eclipse/plugins/org.eclipse.jface_3.7.0.I20110522-1430.jar
8c8b6000-8c8b7000 r--s 00004000 08:01 2106205    /home/pg/Programs/eclipse/plugins/org.eclipse.swt_3.7.1.v3738a.jar
8c8b7000-8c8b9000 r--s 00001000 08:01 2361096    /home/pg/Programs/eclipse/plugins/org.eclipse.ui.workbench.compatibility_3.2.100.I20110413-1600/compatibility.jar
8c8bc000-8c8c0000 r--s 00024000 08:01 2106250    /home/pg/Programs/eclipse/plugins/org.eclipse.ui.console_3.5.100.v20110511.jar
8c8c0000-8c8c4000 r--s 00020000 08:01 2105881    /home/pg/Programs/eclipse/plugins/com.aptana.ruby.core_3.0.2.1319731509.jar
8c8c7000-8c8c9000 r--s 0000c000 08:01 2102583    /home/pg/Programs/eclipse/plugins/com.aptana.editor.dtd_3.0.0.1312318673.jar
8c8ca000-8c8cc000 r--s 00016000 08:01 2106123    /home/pg/Programs/eclipse/plugins/org.eclipse.ant.core_3.2.300.v20110511.jar
8c8cc000-8c8cf000 r--s 00016000 08:01 2102626    /home/pg/Programs/eclipse/plugins/com.aptana.editor.xml_3.0.0.1319571596.jar
8c8d0000-8c8d3000 r--s 00019000 08:01 2106151    /home/pg/Programs/eclipse/plugins/org.eclipse.core.filebuffers_3.5.200.v20110505-0800.jar
8c8d6000-8c8d9000 r--s 0001c000 08:01 2102590    /home/pg/Programs/eclipse/plugins/com.aptana.editor.findbar_3.0.0.1316623122.jar
8c8d9000-8c8dd000 r--s 00033000 08:01 2106303    /home/pg/Programs/eclipse/plugins/org.eclipse.egit.core_1.1.0.201109151100-r.jar
8c8dd000-8c8df000 r--s 0000b000 08:01 2106316    /home/pg/Programs/eclipse/plugins/org.eclipse.core.filesystem_1.3.100.v20110423-0524.jar
8c8df000-8c8e2000 r--s 00012000 08:01 2115541    /home/pg/Programs/eclipse/plugins/com.aptana.ui.ftp_3.0.0.1315851584.jar
8c8e2000-8c8e4000 r--s 0004d000 08:01 2106471    /home/pg/Programs/eclipse/plugins/com.android.ide.eclipse.hierarchyviewer_16.0.1.v201112150204-238534.jar
8c8e4000-8c8e6000 r--s 0000a000 08:01 2102561    /home/pg/Programs/eclipse/plugins/com.aptana.debug.core_3.0.3.1321680133.jar
8c8e6000-8c8e9000 r--s 00017000 08:01 2102600    /home/pg/Programs/eclipse/plugins/com.aptana.editor.js.formatter_3.0.3.1319229955.jar
8c8ea000-8c8ed000 r--s 00019000 08:01 2106172    /home/pg/Programs/eclipse/plugins/org.eclipse.equinox.preferences_3.4.1.R37x_v20110725.jar
8c8ed000-8c8ef000 r--s 00018000 08:01 2106402    /home/pg/Programs/eclipse/plugins/org.eclipse.equinox.common_3.6.0.v20110523.jar
8c8ef000-8c8f1000 r--s 00001000 08:01 2105896    /home/pg/Programs/eclipse/plugins/com.aptana.ruby.launching_3.0.2.1318602500.jar
8c8f1000-8c8f3000 r--s 00009000 08:01 2115546    /home/pg/Programs/eclipse/plugins/com.aptana.webserver.core_3.0.0.1318522247.jar
8c8f3000-8c8f5000 r--s 00007000 08:01 2102569    /home/pg/Programs/eclipse/plugins/com.aptana.deploy.ftp_3.0.3.1321500599.jar
8c8f7000-8c8fb000 r--s 0002b000 08:01 2115416    /home/pg/Programs/eclipse/plugins/com.aptana.theme_3.0.0.1320258654.jar
8c8fb000-8c8fd000 r--s 00011000 08:01 2102880    /home/pg/Programs/eclipse/plugins/com.aptana.index.core_3.0.0.1319825135.jar
8c8fd000-8c900000 r--s 00018000 08:01 1449773    /usr/java/jdk1.7.0_02/jre/lib/jce.jar
8c900000-8c902000 r--s 00014000 08:01 2105880    /home/pg/Programs/eclipse/plugins/com.aptana.projects_3.0.0.1323462907.jar
8c902000-8c903000 r--p 00000000 00:00 0 
8c903000-8c908000 r--s 00047000 08:01 2102580    /home/pg/Programs/eclipse/plugins/com.aptana.editor.css_3.0.3.1321289519.jar
8c908000-8c90c000 r--s 00023000 08:01 2102640    /home/pg/Programs/eclipse/plugins/com.aptana.explorer_3.0.0.1316716614.jar
8c90c000-8c90e000 r--s 00006000 08:01 2105877    /home/pg/Programs/eclipse/plugins/com.aptana.portal.ui.eclipse35_3.0.0.1317250778.jar
8c90e000-8c911000 rw-s 00000000 00:04 13238283   /SYSV00000000 (deleted)
8c911000-8c914000 r--s 0000c000 08:01 2102629    /home/pg/Programs/eclipse/plugins/com.aptana.editor.yaml_3.0.0.1319153173.jar
8c914000-8c917000 r--s 0001a000 08:01 2102557    /home/pg/Programs/eclipse/plugins/com.aptana.core.io_3.0.3.1321920947.jar
8c917000-8c919000 r--s 0000b000 08:01 2102587    /home/pg/Programs/eclipse/plugins/com.aptana.editor.erb_3.0.3.1319153036.jar
8c919000-8c91b000 r--s 0000f000 08:01 2102571    /home/pg/Programs/eclipse/plugins/com.aptana.deploy.heroku_3.0.3.1321500599.jar
8c91b000-8c91f000 r--s 00025000 08:01 2115440    /home/pg/Programs/eclipse/plugins/com.aptana.ui_3.0.3.1323462907.jar
8c91f000-8c923000 r--s 00037000 08:01 2102554    /home/pg/Programs/eclipse/plugins/com.aptana.core_3.0.4.1323890190.jar
8c923000-8c927000 r--s 0002a000 08:01 2115539    /home/pg/Programs/eclipse/plugins/com.aptana.ui.epl_3.0.0.1322514554.jar
8c927000-8c92b000 r--s 00038000 08:01 2102592    /home/pg/Programs/eclipse/plugins/com.aptana.editor.html_3.0.3.1322511901.jar
8c92b000-8c92e000 r--s 00025000 08:01 2102617    /home/pg/Programs/eclipse/plugins/com.aptana.editor.ruby_3.0.3.1320702265.jar
8c92e000-8c92f000 r--s 00006000 08:01 2105878    /home/pg/Programs/eclipse/plugins/com.aptana.portal.ui.eclipse36_3.0.0.1313011284.jar
8c92f000-8c931000 r--s 0000f000 08:01 2115544    /home/pg/Programs/eclipse/plugins/com.aptana.ui.secureftp_3.0.0.1313195111.jar
8c931000-8c933000 r--s 0000a000 08:01 2102563    /home/pg/Programs/eclipse/plugins/com.aptana.deploy_3.0.3.1317162654.jar
8c933000-8c935000 r--s 00010000 08:01 2105879    /home/pg/Programs/eclipse/plugins/com.aptana.preview_3.0.0.1315523439.jar
8c935000-8c937000 r--s 0000e000 08:01 2115543    /home/pg/Programs/eclipse/plugins/com.aptana.ui.s3_3.0.0.1312932604.jar
8c937000-8c93b000 r--s 00029000 08:01 2106292    /home/pg/Programs/eclipse/plugins/org.eclipse.equinox.registry_3.5.101.R37x_v20110810-1611.jar
8c93b000-8c93e000 ---p 00000000 00:00 0 
8c93e000-8c98c000 rw-p 00000000 00:00 0 
8c98c000-8c98f000 ---p 00000000 00:00 0 
8c98f000-8c9dd000 rw-p 00000000 00:00 0 
8c9dd000-8c9e0000 ---p 00000000 00:00 0 
8c9e0000-8ca2e000 rw-p 00000000 00:00 0 
8ca2e000-8ca31000 ---p 00000000 00:00 0 
8ca31000-8ca7f000 rw-p 00000000 00:00 0 
8ca7f000-8ca80000 ---p 00000000 00:00 0 
8ca80000-8cb00000 rw-p 00000000 00:00 0 
8cb00000-8cbff000 rw-p 00000000 00:00 0 
8cbff000-8cc00000 ---p 00000000 00:00 0 
8cc00000-8cc01000 r--s 00009000 08:01 2105901    /home/pg/Programs/eclipse/plugins/com.aptana.samples.ui_3.0.0.1322862427.jar
8cc01000-8cc03000 r--s 00005000 08:01 2102568    /home/pg/Programs/eclipse/plugins/com.aptana.deploy.epl_3.0.0.1321554449.jar
8cc04000-8cc06000 r--s 0000e000 08:01 2102565    /home/pg/Programs/eclipse/plugins/com.aptana.deploy.engineyard_3.0.3.1321500599.jar
8cc06000-8cc07000 r--s 00002000 08:01 2106409    /home/pg/Programs/eclipse/plugins/org.eclipse.core.filesystem.linux.x86_1.4.0.v20110423-0524.jar
8cc08000-8cc09000 r--p 00000000 08:01 2105775    /usr/share/locale-langpack/en_CA/LC_MESSAGES/gedit.mo
8cc09000-8cc0c000 ---p 00000000 00:00 0 
8cc0c000-8cc5a000 rw-p 00000000 00:00 0 
8cc5a000-8cc6d000 r--s 0013a000 08:01 2106090    /home/pg/Programs/eclipse/plugins/org.eclipse.osgi_3.7.1.R37x_v20110808-1106.jar
8cc6d000-8cc70000 ---p 00000000 00:00 0 
8cc70000-8ccbe000 rw-p 00000000 00:00 0 
8ccbe000-8ccc1000 ---p 00000000 00:00 0 
8ccc1000-8cd3f000 rw-p 00000000 00:00 0 
8cd3f000-8cd42000 ---p 00000000 00:00 0 
8cd42000-8cd90000 rw-p 00000000 00:00 0 
8cd90000-8cd93000 ---p 00000000 00:00 0 
8cd93000-8cde1000 rw-p 00000000 00:00 0 
8cde1000-8cde4000 ---p 00000000 00:00 0 
8cde4000-8ce32000 rw-p 00000000 00:00 0 
8ce32000-8ce33000 ---p 00000000 00:00 0 
8ce33000-8cefe000 rw-p 00000000 00:00 0 
8cefe000-8d0bd000 r--s 039ff000 08:01 1449719    /usr/java/jdk1.7.0_02/jre/lib/rt.jar
8d0bd000-8d0de000 rw-p 00000000 00:00 0 
8d0de000-8d13e000 rw-p 00000000 00:00 0 
8d13e000-8d17a000 rw-p 00000000 00:00 0 
8d17a000-8d1bf000 rw-p 00000000 00:00 0 
8d1bf000-8d1dd000 rw-p 00000000 00:00 0 
8d1dd000-8d1ff000 rw-p 00000000 00:00 0 
8d1ff000-8d23b000 rw-p 00000000 00:00 0 
8d23b000-8d27f000 rw-p 00000000 00:00 0 
8d27f000-8d2a0000 rw-p 00000000 00:00 0 
8d2a0000-8d2ff000 rw-p 00000000 00:00 0 
8d2ff000-90e20000 rw-p 00000000 00:00 0 
90e20000-95300000 rw-p 00000000 00:00 0 
95300000-9c92a000 rw-p 00000000 00:00 0 
9c92a000-a5300000 rw-p 00000000 00:00 0 
a5300000-a93c0000 rw-p 00000000 00:00 0 
a93c0000-b5300000 rw-p 00000000 00:00 0 
b5300000-b5301000 r--s 00003000 08:01 1971208    /usr/java/jdk1.7.0_02/jre/lib/ext/sunec.jar
b5302000-b5305000 r--s 00018000 08:01 2105895    /home/pg/Programs/eclipse/plugins/com.aptana.ruby.debug.ui_3.0.2.1322066031.jar
b5305000-b5306000 r--s 0000c000 08:01 2102623    /home/pg/Programs/eclipse/plugins/com.aptana.editor.svg_3.0.3.1317303845.jar
b5307000-b5309000 r--s 00006000 08:01 2102888    /home/pg/Programs/eclipse/plugins/com.aptana.index.core.ui_3.0.0.1315934874.jar
b5309000-b530a000 r--p 00000000 08:01 2115399    /usr/share/locale-langpack/en_CA/LC_MESSAGES/eog.mo
b530a000-b530b000 r--s 00006000 08:01 2105897    /home/pg/Programs/eclipse/plugins/com.aptana.ruby.rake_3.0.0.1318602500.jar
b530b000-b5340000 rw-p 00000000 00:00 0 
b5340000-b538b000 rw-p 00000000 00:00 0 
b538b000-b60cb000 rwxp 00000000 00:00 0 
b60cb000-b738b000 rw-p 00000000 00:00 0 
b738b000-b73eb000 rw-s 00000000 00:04 13205505   /SYSV00000000 (deleted)
b73eb000-b73ec000 r--p 00000000 08:01 2115361    /usr/share/locale-langpack/en_CA/LC_MESSAGES/gdk-pixbuf.mo
b73ec000-b744f000 rw-p 00000000 00:00 0 
b744f000-b7469000 r--s 00000000 08:01 1714135    /usr/share/mime/mime.cache
b7469000-b746a000 r--s 00002000 08:01 2755315    /home/pg/Programs/eclipse/plugins/org.eclipse.core.runtime.compatibility.registry_3.5.0.v20110505/runtime_registry_compatibility.jar
b746a000-b7471000 r--s 00000000 08:01 1316544    /usr/lib/i386-linux-gnu/gconv/gconv-modules.cache
b7471000-b7474000 r--p 00000000 08:01 2105792    /usr/share/locale-langpack/en_CA/LC_MESSAGES/gtk20-properties.mo
b7474000-b7476000 r--p 00000000 08:01 2105795    /usr/share/locale-langpack/en_CA/LC_MESSAGES/gtk20.mo
b7476000-b75a8000 r--p 002ff000 08:01 1317777    /usr/lib/locale/locale-archive
b75a8000-b75e8000 r--p 002bd000 08:01 1317777    /usr/lib/locale/locale-archive
b75e8000-b77e8000 r--p 00000000 08:01 1317777    /usr/lib/locale/locale-archive
b77e8000-b77ea000 rw-p 00000000 00:00 0 
b77ea000-b77eb000 r--s 00000000 08:01 1841263    /home/pg/.local/share/gvfs-metadata/root
b77eb000-b77ec000 r--s 00005000 08:01 2102564    /home/pg/Programs/eclipse/plugins/com.aptana.deploy.capistrano_3.0.3.1321500599.jar
b77ec000-b77f0000 r--s 00088000 08:01 1449732    /usr/java/jdk1.7.0_02/jre/lib/jsse.jar
b77f0000-b77f1000 r--s 0000b000 08:01 2106156    /home/pg/Programs/eclipse/plugins/org.eclipse.equinox.launcher_1.2.0.v20110502.jar
b77f1000-b77f9000 rw-s 00000000 08:01 2624446    /tmp/hsperfdata_pg/11899 (deleted)
b77f9000-b77fa000 rw-p 00000000 00:00 0 
b77fa000-b77fb000 ---p 00000000 00:00 0 
b77fb000-b77fd000 rw-p 00000000 00:00 0 
bf9ca000-bf9cd000 ---p 00000000 00:00 0 
bf9ce000-bfa1a000 rw-p 00000000 00:00 0          [stack]

VM Arguments:
jvm_args: -Dosgi.requiredJavaVersion=1.5 -XX:MaxPermSize=256m -Xms40m -Xmx384m 
java_command: <unknown>
Launcher Type: generic

Environment Variables:
PATH=/usr/lib/lightdm/lightdm:/usr/local/sbin:/usr/local/bin:/usr/sbin:/usr/bin:/sbin:/bin:/usr/games:/usr/java/jdk1.7.0_02/bin:/home/pg/Programs/eclipse:/home/pg/Programs/eclipse-cpp:/usr/local/Trolltech/QtEmbedded-4.8.0/bin
USERNAME=pg
LD_LIBRARY_PATH=/usr/java/jdk1.7.0_02/jre/lib/i386/client:/usr/java/jdk1.7.0_02/jre/lib/i386::/usr/local/lib:/usr/local/Trolltech/QtEmbedded-4.8.0/lib:/usr/lib
SHELL=/bin/bash
DISPLAY=:0

Signal Handlers:
SIGSEGV: [libjvm.so+0x461fb0], sa_mask[0]=0x7ffbfeff, sa_flags=0x10000004
SIGBUS: [libjvm.so+0x461fb0], sa_mask[0]=0x7ffbfeff, sa_flags=0x10000004
SIGFPE: [libjvm.so+0x37d3e0], sa_mask[0]=0x7ffbfeff, sa_flags=0x10000004
SIGPIPE: SIG_IGN, sa_mask[0]=0x00001000, sa_flags=0x10000000
SIGXFSZ: [libjvm.so+0x37d3e0], sa_mask[0]=0x7ffbfeff, sa_flags=0x10000004
SIGILL: [libjvm.so+0x37d3e0], sa_mask[0]=0x7ffbfeff, sa_flags=0x10000004
SIGUSR1: SIG_DFL, sa_mask[0]=0x00000000, sa_flags=0x00000000
SIGUSR2: [libjvm.so+0x37cce0], sa_mask[0]=0x00000004, sa_flags=0x10000004
SIGHUP: [libjvm.so+0x37f2b0], sa_mask[0]=0x7ffbfeff, sa_flags=0x10000004
SIGINT: [libjvm.so+0x37f2b0], sa_mask[0]=0x7ffbfeff, sa_flags=0x10000004
SIGTERM: [libjvm.so+0x37f2b0], sa_mask[0]=0x7ffbfeff, sa_flags=0x10000004
SIGQUIT: [libjvm.so+0x37f2b0], sa_mask[0]=0x7ffbfeff, sa_flags=0x10000004


---------------  S Y S T E M  ---------------

OS:wheezy/sid

uname:Linux 3.0.0-14-generic #23-Ubuntu SMP Mon Nov 21 20:34:47 UTC 2011 i686
libc:glibc 2.13 NPTL 2.13 
rlimit: STACK 8192k, CORE 0k, NPROC 15927, NOFILE 4096, AS infinity
load average:0.12 0.17 0.29

/proc/meminfo:
MemTotal:        2052700 kB
MemFree:          177000 kB
Buffers:           42360 kB
Cached:           674336 kB
SwapCached:        11304 kB
Active:          1130872 kB
Inactive:         619912 kB
Active(anon):     964188 kB
Inactive(anon):   409440 kB
Active(file):     166684 kB
Inactive(file):   210472 kB
Unevictable:         112 kB
Mlocked:             112 kB
HighTotal:       1178120 kB
HighFree:          14928 kB
LowTotal:         874580 kB
LowFree:          162072 kB
SwapTotal:       2085884 kB
SwapFree:        2011088 kB
Dirty:               380 kB
Writeback:             0 kB
AnonPages:       1023100 kB
Mapped:           116764 kB
Shmem:            339440 kB
Slab:              76180 kB
SReclaimable:      58716 kB
SUnreclaim:        17464 kB
KernelStack:        3576 kB
PageTables:        14264 kB
NFS_Unstable:          0 kB
Bounce:                0 kB
WritebackTmp:          0 kB
CommitLimit:     3112232 kB
Committed_AS:    4912932 kB
VmallocTotal:     122880 kB
VmallocUsed:       30728 kB
VmallocChunk:      29820 kB
HardwareCorrupted:     0 kB
AnonHugePages:         0 kB
HugePages_Total:       0
HugePages_Free:        0
HugePages_Rsvd:        0
HugePages_Surp:        0
Hugepagesize:       4096 kB
DirectMap4k:       40952 kB
DirectMap4M:      868352 kB


CPU:total 2 (2 cores per cpu, 1 threads per core) family 6 model 15 stepping 6, cmov, cx8, fxsr, mmx, sse, sse2, sse3, ssse3

/proc/cpuinfo:
processor	: 0
vendor_id	: GenuineIntel
cpu family	: 6
model		: 15
model name	: Intel(R) Core(TM)2 CPU         T5500  @ 1.66GHz
stepping	: 6
cpu MHz		: 1333.000
cache size	: 2048 KB
physical id	: 0
siblings	: 2
core id		: 0
cpu cores	: 2
apicid		: 0
initial apicid	: 0
fdiv_bug	: no
hlt_bug		: no
f00f_bug	: no
coma_bug	: no
fpu		: yes
fpu_exception	: yes
cpuid level	: 10
wp		: yes
flags		: fpu vme de pse tsc msr pae mce cx8 apic mtrr pge mca cmov pat pse36 clflush dts acpi mmx fxsr sse sse2 ss ht tm pbe nx lm constant_tsc arch_perfmon pebs bts aperfmperf pni dtes64 monitor ds_cpl est tm2 ssse3 cx16 xtpr pdcm lahf_lm dts
bogomips	: 3324.54
clflush size	: 64
cache_alignment	: 64
address sizes	: 36 bits physical, 48 bits virtual
power management:

processor	: 1
vendor_id	: GenuineIntel
cpu family	: 6
model		: 15
model name	: Intel(R) Core(TM)2 CPU         T5500  @ 1.66GHz
stepping	: 6
cpu MHz		: 1667.000
cache size	: 2048 KB
physical id	: 0
siblings	: 2
core id		: 1
cpu cores	: 2
apicid		: 1
initial apicid	: 1
fdiv_bug	: no
hlt_bug		: no
f00f_bug	: no
coma_bug	: no
fpu		: yes
fpu_exception	: yes
cpuid level	: 10
wp		: yes
flags		: fpu vme de pse tsc msr pae mce cx8 apic mtrr pge mca cmov pat pse36 clflush dts acpi mmx fxsr sse sse2 ss ht tm pbe nx lm constant_tsc arch_perfmon pebs bts aperfmperf pni dtes64 monitor ds_cpl est tm2 ssse3 cx16 xtpr pdcm lahf_lm dts
bogomips	: 3325.06
clflush size	: 64
cache_alignment	: 64
address sizes	: 36 bits physical, 48 bits virtual
power management:



Memory: 4k page, physical 2052700k(177000k free), swap 2085884k(2011088k free)

vm_info: Java HotSpot(TM) Client VM (22.0-b10) for linux-x86 JRE (1.7.0_02-b13), built on Nov 17 2011 13:26:27 by "java_re" with gcc 4.3.0 20080428 (Red Hat 4.3.0-8)

time: Sat Jan 21 01:23:29 2012
elapsed time: 12446 seconds

